[debug] [2025-06-08T15:24:56.015Z] ----------------------------------------------------------------------
[debug] [2025-06-08T15:24:56.017Z] Command:       /usr/local/bin/node /Users/tarasuk/.npm-global/bin/firebase deploy
[debug] [2025-06-08T15:24:56.017Z] CLI Version:   14.6.0
[debug] [2025-06-08T15:24:56.017Z] Platform:      darwin
[debug] [2025-06-08T15:24:56.017Z] Node Version:  v22.11.0
[debug] [2025-06-08T15:24:56.017Z] Time:          Sun Jun 08 2025 20:24:56 GMT+0500 (Uzbekistan Standard Time)
[debug] [2025-06-08T15:24:56.018Z] ----------------------------------------------------------------------
[debug] 
[debug] [2025-06-08T15:24:56.111Z] Field "/functions/runtime" in "firebase.json" is possibly invalid: must be equal to one of the allowed values
[debug] [2025-06-08T15:24:56.111Z] Field "/functions" in "firebase.json" is possibly invalid: must be array
[debug] [2025-06-08T15:24:56.112Z] Field "/functions" in "firebase.json" is possibly invalid: must match a schema in anyOf
[debug] [2025-06-08T15:24:56.113Z] > command requires scopes: ["email","openid","https://www.googleapis.com/auth/cloudplatformprojects.readonly","https://www.googleapis.com/auth/firebase","https://www.googleapis.com/auth/cloud-platform"]
[debug] [2025-06-08T15:24:56.113Z] > authorizing via signed-in user (videomanbel@gmail.com)
[debug] [2025-06-08T15:24:56.113Z] [iam] checking project pro-telegram for permissions ["cloudfunctions.functions.create","cloudfunctions.functions.delete","cloudfunctions.functions.get","cloudfunctions.functions.list","cloudfunctions.functions.update","cloudfunctions.operations.get","datastore.indexes.create","datastore.indexes.delete","datastore.indexes.list","datastore.indexes.update","firebase.projects.get","firebasehosting.sites.update"]
[debug] [2025-06-08T15:24:56.114Z] Checked if tokens are valid: true, expires at: 1749399890525
[debug] [2025-06-08T15:24:56.114Z] Checked if tokens are valid: true, expires at: 1749399890525
[debug] [2025-06-08T15:24:56.114Z] >>> [apiv2][query] POST https://cloudresourcemanager.googleapis.com/v1/projects/pro-telegram:testIamPermissions [none]
[debug] [2025-06-08T15:24:56.114Z] >>> [apiv2][(partial)header] POST https://cloudresourcemanager.googleapis.com/v1/projects/pro-telegram:testIamPermissions x-goog-quota-user=projects/pro-telegram
[debug] [2025-06-08T15:24:56.114Z] >>> [apiv2][body] POST https://cloudresourcemanager.googleapis.com/v1/projects/pro-telegram:testIamPermissions {"permissions":["cloudfunctions.functions.create","cloudfunctions.functions.delete","cloudfunctions.functions.get","cloudfunctions.functions.list","cloudfunctions.functions.update","cloudfunctions.operations.get","datastore.indexes.create","datastore.indexes.delete","datastore.indexes.list","datastore.indexes.update","firebase.projects.get","firebasehosting.sites.update"]}
[debug] [2025-06-08T15:24:57.296Z] <<< [apiv2][status] POST https://cloudresourcemanager.googleapis.com/v1/projects/pro-telegram:testIamPermissions 200
[debug] [2025-06-08T15:24:57.297Z] <<< [apiv2][body] POST https://cloudresourcemanager.googleapis.com/v1/projects/pro-telegram:testIamPermissions {"permissions":["cloudfunctions.functions.create","cloudfunctions.functions.delete","cloudfunctions.functions.get","cloudfunctions.functions.list","cloudfunctions.functions.update","cloudfunctions.operations.get","datastore.indexes.create","datastore.indexes.delete","datastore.indexes.list","datastore.indexes.update","firebase.projects.get","firebasehosting.sites.update"]}
[debug] [2025-06-08T15:24:57.297Z] Checked if tokens are valid: true, expires at: 1749399890525
[debug] [2025-06-08T15:24:57.297Z] Checked if tokens are valid: true, expires at: 1749399890525
[debug] [2025-06-08T15:24:57.297Z] >>> [apiv2][query] POST https://iam.googleapis.com/v1/projects/pro-telegram/serviceAccounts/pro-telegram@appspot.gserviceaccount.com:testIamPermissions [none]
[debug] [2025-06-08T15:24:57.297Z] >>> [apiv2][body] POST https://iam.googleapis.com/v1/projects/pro-telegram/serviceAccounts/pro-telegram@appspot.gserviceaccount.com:testIamPermissions {"permissions":["iam.serviceAccounts.actAs"]}
[debug] [2025-06-08T15:24:58.525Z] <<< [apiv2][status] POST https://iam.googleapis.com/v1/projects/pro-telegram/serviceAccounts/pro-telegram@appspot.gserviceaccount.com:testIamPermissions 200
[debug] [2025-06-08T15:24:58.525Z] <<< [apiv2][body] POST https://iam.googleapis.com/v1/projects/pro-telegram/serviceAccounts/pro-telegram@appspot.gserviceaccount.com:testIamPermissions {"permissions":["iam.serviceAccounts.actAs"]}
[debug] [2025-06-08T15:24:58.527Z] Checked if tokens are valid: true, expires at: 1749399890525
[debug] [2025-06-08T15:24:58.527Z] Checked if tokens are valid: true, expires at: 1749399890525
[debug] [2025-06-08T15:24:58.527Z] >>> [apiv2][query] GET https://firebase.googleapis.com/v1beta1/projects/pro-telegram [none]
[debug] [2025-06-08T15:24:59.067Z] <<< [apiv2][status] GET https://firebase.googleapis.com/v1beta1/projects/pro-telegram 200
[debug] [2025-06-08T15:24:59.067Z] <<< [apiv2][body] GET https://firebase.googleapis.com/v1beta1/projects/pro-telegram {"projectId":"pro-telegram","projectNumber":"385928158468","displayName":"PRO Telegram","name":"projects/pro-telegram","resources":{"hostingSite":"pro-telegram"},"state":"ACTIVE","etag":"1_9e6fab8b-86fc-40ed-a4dc-999e618c40e6"}
[info] 
[info] === Deploying to 'pro-telegram'...
[info] 
[info] i  deploying firestore, functions, hosting 
[info] i  firestore: reading indexes from firestore.indexes.json... 
[info] i  cloud.firestore: checking firestore.rules for compilation errors... 
[debug] [2025-06-08T15:24:59.076Z] Checked if tokens are valid: true, expires at: 1749399890525
[debug] [2025-06-08T15:24:59.076Z] Checked if tokens are valid: true, expires at: 1749399890525
[debug] [2025-06-08T15:24:59.076Z] >>> [apiv2][query] POST https://firebaserules.googleapis.com/v1/projects/pro-telegram:test [none]
[debug] [2025-06-08T15:24:59.076Z] >>> [apiv2][body] POST https://firebaserules.googleapis.com/v1/projects/pro-telegram:test [omitted]
[debug] [2025-06-08T15:25:00.332Z] <<< [apiv2][status] POST https://firebaserules.googleapis.com/v1/projects/pro-telegram:test 200
[debug] [2025-06-08T15:25:00.333Z] <<< [apiv2][body] POST https://firebaserules.googleapis.com/v1/projects/pro-telegram:test {}
[info] ✔  cloud.firestore: rules file firestore.rules compiled successfully 
[debug] [2025-06-08T15:25:00.336Z] Checked if tokens are valid: true, expires at: 1749399890525
[debug] [2025-06-08T15:25:00.336Z] Checked if tokens are valid: true, expires at: 1749399890525
[debug] [2025-06-08T15:25:00.336Z] >>> [apiv2][query] GET https://serviceusage.googleapis.com/v1/projects/pro-telegram/services/cloudresourcemanager.googleapis.com [none]
[debug] [2025-06-08T15:25:00.336Z] >>> [apiv2][(partial)header] GET https://serviceusage.googleapis.com/v1/projects/pro-telegram/services/cloudresourcemanager.googleapis.com x-goog-quota-user=projects/pro-telegram
[debug] [2025-06-08T15:25:01.731Z] <<< [apiv2][status] GET https://serviceusage.googleapis.com/v1/projects/pro-telegram/services/cloudresourcemanager.googleapis.com 200
[debug] [2025-06-08T15:25:01.731Z] <<< [apiv2][body] GET https://serviceusage.googleapis.com/v1/projects/pro-telegram/services/cloudresourcemanager.googleapis.com [omitted]
[debug] [2025-06-08T15:25:01.731Z] Checked if tokens are valid: true, expires at: 1749399890525
[debug] [2025-06-08T15:25:01.731Z] Checked if tokens are valid: true, expires at: 1749399890525
[debug] [2025-06-08T15:25:01.732Z] >>> [apiv2][query] GET https://cloudresourcemanager.googleapis.com/v1/projects/pro-telegram [none]
[debug] [2025-06-08T15:25:02.027Z] <<< [apiv2][status] GET https://cloudresourcemanager.googleapis.com/v1/projects/pro-telegram 200
[debug] [2025-06-08T15:25:02.027Z] <<< [apiv2][body] GET https://cloudresourcemanager.googleapis.com/v1/projects/pro-telegram {"projectNumber":"385928158468","projectId":"pro-telegram","lifecycleState":"ACTIVE","name":"PRO Telegram","labels":{"firebase":"enabled"},"createTime":"2024-11-23T19:13:26.361472Z"}
[info] i  functions: preparing codebase default for deployment 
[info] i  functions: ensuring required API cloudfunctions.googleapis.com is enabled... 
[debug] [2025-06-08T15:25:02.028Z] Checked if tokens are valid: true, expires at: 1749399890525
[debug] [2025-06-08T15:25:02.028Z] Checked if tokens are valid: true, expires at: 1749399890525
[debug] [2025-06-08T15:25:02.028Z] Checked if tokens are valid: true, expires at: 1749399890525
[debug] [2025-06-08T15:25:02.029Z] Checked if tokens are valid: true, expires at: 1749399890525
[info] i  functions: ensuring required API cloudbuild.googleapis.com is enabled... 
[debug] [2025-06-08T15:25:02.029Z] Checked if tokens are valid: true, expires at: 1749399890525
[debug] [2025-06-08T15:25:02.029Z] Checked if tokens are valid: true, expires at: 1749399890525
[info] i  artifactregistry: ensuring required API artifactregistry.googleapis.com is enabled... 
[debug] [2025-06-08T15:25:02.029Z] Checked if tokens are valid: true, expires at: 1749399890525
[debug] [2025-06-08T15:25:02.029Z] Checked if tokens are valid: true, expires at: 1749399890525
[debug] [2025-06-08T15:25:02.029Z] >>> [apiv2][query] GET https://serviceusage.googleapis.com/v1/projects/pro-telegram/services/cloudfunctions.googleapis.com [none]
[debug] [2025-06-08T15:25:02.029Z] >>> [apiv2][(partial)header] GET https://serviceusage.googleapis.com/v1/projects/pro-telegram/services/cloudfunctions.googleapis.com x-goog-quota-user=projects/pro-telegram
[debug] [2025-06-08T15:25:02.031Z] >>> [apiv2][query] GET https://serviceusage.googleapis.com/v1/projects/pro-telegram/services/runtimeconfig.googleapis.com [none]
[debug] [2025-06-08T15:25:02.031Z] >>> [apiv2][(partial)header] GET https://serviceusage.googleapis.com/v1/projects/pro-telegram/services/runtimeconfig.googleapis.com x-goog-quota-user=projects/pro-telegram
[debug] [2025-06-08T15:25:02.033Z] >>> [apiv2][query] GET https://serviceusage.googleapis.com/v1/projects/pro-telegram/services/cloudbuild.googleapis.com [none]
[debug] [2025-06-08T15:25:02.033Z] >>> [apiv2][(partial)header] GET https://serviceusage.googleapis.com/v1/projects/pro-telegram/services/cloudbuild.googleapis.com x-goog-quota-user=projects/pro-telegram
[debug] [2025-06-08T15:25:02.036Z] >>> [apiv2][query] GET https://serviceusage.googleapis.com/v1/projects/pro-telegram/services/artifactregistry.googleapis.com [none]
[debug] [2025-06-08T15:25:02.036Z] >>> [apiv2][(partial)header] GET https://serviceusage.googleapis.com/v1/projects/pro-telegram/services/artifactregistry.googleapis.com x-goog-quota-user=projects/pro-telegram
[debug] [2025-06-08T15:25:03.066Z] <<< [apiv2][status] GET https://serviceusage.googleapis.com/v1/projects/pro-telegram/services/cloudfunctions.googleapis.com 200
[debug] [2025-06-08T15:25:03.066Z] <<< [apiv2][body] GET https://serviceusage.googleapis.com/v1/projects/pro-telegram/services/cloudfunctions.googleapis.com [omitted]
[info] ✔  functions: required API cloudfunctions.googleapis.com is enabled 
[debug] [2025-06-08T15:25:03.251Z] <<< [apiv2][status] GET https://serviceusage.googleapis.com/v1/projects/pro-telegram/services/cloudbuild.googleapis.com 200
[debug] [2025-06-08T15:25:03.251Z] <<< [apiv2][body] GET https://serviceusage.googleapis.com/v1/projects/pro-telegram/services/cloudbuild.googleapis.com [omitted]
[info] ✔  functions: required API cloudbuild.googleapis.com is enabled 
[debug] [2025-06-08T15:25:03.253Z] <<< [apiv2][status] GET https://serviceusage.googleapis.com/v1/projects/pro-telegram/services/runtimeconfig.googleapis.com 200
[debug] [2025-06-08T15:25:03.253Z] <<< [apiv2][body] GET https://serviceusage.googleapis.com/v1/projects/pro-telegram/services/runtimeconfig.googleapis.com [omitted]
[debug] [2025-06-08T15:25:03.257Z] <<< [apiv2][status] GET https://serviceusage.googleapis.com/v1/projects/pro-telegram/services/artifactregistry.googleapis.com 200
[debug] [2025-06-08T15:25:03.257Z] <<< [apiv2][body] GET https://serviceusage.googleapis.com/v1/projects/pro-telegram/services/artifactregistry.googleapis.com [omitted]
[info] ✔  artifactregistry: required API artifactregistry.googleapis.com is enabled 
[debug] [2025-06-08T15:25:03.257Z] Checked if tokens are valid: true, expires at: 1749399890525
[debug] [2025-06-08T15:25:03.257Z] Checked if tokens are valid: true, expires at: 1749399890525
[debug] [2025-06-08T15:25:03.257Z] >>> [apiv2][query] GET https://firebase.googleapis.com/v1beta1/projects/pro-telegram/adminSdkConfig [none]
[debug] [2025-06-08T15:25:03.556Z] <<< [apiv2][status] GET https://firebase.googleapis.com/v1beta1/projects/pro-telegram/adminSdkConfig 200
[debug] [2025-06-08T15:25:03.556Z] <<< [apiv2][body] GET https://firebase.googleapis.com/v1beta1/projects/pro-telegram/adminSdkConfig {"projectId":"pro-telegram","storageBucket":"pro-telegram.firebasestorage.app"}
[debug] [2025-06-08T15:25:03.557Z] Checked if tokens are valid: true, expires at: 1749399890525
[debug] [2025-06-08T15:25:03.557Z] Checked if tokens are valid: true, expires at: 1749399890525
[debug] [2025-06-08T15:25:03.557Z] >>> [apiv2][query] GET https://runtimeconfig.googleapis.com/v1beta1/projects/pro-telegram/configs [none]
[debug] [2025-06-08T15:25:04.827Z] <<< [apiv2][status] GET https://runtimeconfig.googleapis.com/v1beta1/projects/pro-telegram/configs 200
[debug] [2025-06-08T15:25:04.827Z] <<< [apiv2][body] GET https://runtimeconfig.googleapis.com/v1beta1/projects/pro-telegram/configs {"configs":[{"name":"projects/pro-telegram/configs/google"},{"name":"projects/pro-telegram/configs/session"},{"name":"projects/pro-telegram/configs/telegram"}]}
[debug] [2025-06-08T15:25:04.828Z] Checked if tokens are valid: true, expires at: 1749399890525
[debug] [2025-06-08T15:25:04.828Z] Checked if tokens are valid: true, expires at: 1749399890525
[debug] [2025-06-08T15:25:04.828Z] Checked if tokens are valid: true, expires at: 1749399890525
[debug] [2025-06-08T15:25:04.828Z] Checked if tokens are valid: true, expires at: 1749399890525
[debug] [2025-06-08T15:25:04.828Z] Checked if tokens are valid: true, expires at: 1749399890525
[debug] [2025-06-08T15:25:04.828Z] Checked if tokens are valid: true, expires at: 1749399890525
[debug] [2025-06-08T15:25:04.828Z] >>> [apiv2][query] GET https://runtimeconfig.googleapis.com/v1beta1/projects/pro-telegram/configs/google/variables [none]
[debug] [2025-06-08T15:25:04.829Z] >>> [apiv2][query] GET https://runtimeconfig.googleapis.com/v1beta1/projects/pro-telegram/configs/session/variables [none]
[debug] [2025-06-08T15:25:04.832Z] >>> [apiv2][query] GET https://runtimeconfig.googleapis.com/v1beta1/projects/pro-telegram/configs/telegram/variables [none]
[debug] [2025-06-08T15:25:05.793Z] <<< [apiv2][status] GET https://runtimeconfig.googleapis.com/v1beta1/projects/pro-telegram/configs/google/variables 200
[debug] [2025-06-08T15:25:05.793Z] <<< [apiv2][body] GET https://runtimeconfig.googleapis.com/v1beta1/projects/pro-telegram/configs/google/variables {"variables":[{"name":"projects/pro-telegram/configs/google/variables/callback_url","updateTime":"2025-06-07T16:34:58.250542423Z"},{"name":"projects/pro-telegram/configs/google/variables/client_id","updateTime":"2025-06-07T15:26:58.591222931Z"},{"name":"projects/pro-telegram/configs/google/variables/client_secret","updateTime":"2025-06-07T16:35:55.244479624Z"}]}
[debug] [2025-06-08T15:25:05.795Z] Checked if tokens are valid: true, expires at: 1749399890525
[debug] [2025-06-08T15:25:05.795Z] Checked if tokens are valid: true, expires at: 1749399890525
[debug] [2025-06-08T15:25:05.795Z] Checked if tokens are valid: true, expires at: 1749399890525
[debug] [2025-06-08T15:25:05.795Z] Checked if tokens are valid: true, expires at: 1749399890525
[debug] [2025-06-08T15:25:05.795Z] Checked if tokens are valid: true, expires at: 1749399890525
[debug] [2025-06-08T15:25:05.795Z] Checked if tokens are valid: true, expires at: 1749399890525
[debug] [2025-06-08T15:25:05.795Z] >>> [apiv2][query] GET https://runtimeconfig.googleapis.com/v1beta1/projects/pro-telegram/configs/google/variables/callback_url [none]
[debug] [2025-06-08T15:25:05.796Z] >>> [apiv2][query] GET https://runtimeconfig.googleapis.com/v1beta1/projects/pro-telegram/configs/google/variables/client_id [none]
[debug] [2025-06-08T15:25:05.798Z] >>> [apiv2][query] GET https://runtimeconfig.googleapis.com/v1beta1/projects/pro-telegram/configs/google/variables/client_secret [none]
[debug] [2025-06-08T15:25:05.971Z] <<< [apiv2][status] GET https://runtimeconfig.googleapis.com/v1beta1/projects/pro-telegram/configs/telegram/variables 200
[debug] [2025-06-08T15:25:05.971Z] <<< [apiv2][body] GET https://runtimeconfig.googleapis.com/v1beta1/projects/pro-telegram/configs/telegram/variables {"variables":[{"name":"projects/pro-telegram/configs/telegram/variables/bot_token","updateTime":"2025-06-07T09:41:47.957790876Z"}]}
[debug] [2025-06-08T15:25:05.972Z] Checked if tokens are valid: true, expires at: 1749399890525
[debug] [2025-06-08T15:25:05.972Z] Checked if tokens are valid: true, expires at: 1749399890525
[debug] [2025-06-08T15:25:05.972Z] >>> [apiv2][query] GET https://runtimeconfig.googleapis.com/v1beta1/projects/pro-telegram/configs/telegram/variables/bot_token [none]
[debug] [2025-06-08T15:25:05.980Z] <<< [apiv2][status] GET https://runtimeconfig.googleapis.com/v1beta1/projects/pro-telegram/configs/session/variables 200
[debug] [2025-06-08T15:25:05.980Z] <<< [apiv2][body] GET https://runtimeconfig.googleapis.com/v1beta1/projects/pro-telegram/configs/session/variables {"variables":[{"name":"projects/pro-telegram/configs/session/variables/secret","updateTime":"2025-06-07T16:35:38.864240094Z"}]}
[debug] [2025-06-08T15:25:05.980Z] Checked if tokens are valid: true, expires at: 1749399890525
[debug] [2025-06-08T15:25:05.980Z] Checked if tokens are valid: true, expires at: 1749399890525
[debug] [2025-06-08T15:25:05.980Z] >>> [apiv2][query] GET https://runtimeconfig.googleapis.com/v1beta1/projects/pro-telegram/configs/session/variables/secret [none]
[debug] [2025-06-08T15:25:06.733Z] <<< [apiv2][status] GET https://runtimeconfig.googleapis.com/v1beta1/projects/pro-telegram/configs/google/variables/callback_url 200
[debug] [2025-06-08T15:25:06.734Z] <<< [apiv2][body] GET https://runtimeconfig.googleapis.com/v1beta1/projects/pro-telegram/configs/google/variables/callback_url {"name":"projects/pro-telegram/configs/google/variables/callback_url","updateTime":"2025-06-07T16:34:58.250542423Z","text":"https://pro-telegram.web.app/api/auth/google/callback"}
[debug] [2025-06-08T15:25:06.928Z] <<< [apiv2][status] GET https://runtimeconfig.googleapis.com/v1beta1/projects/pro-telegram/configs/google/variables/client_id 200
[debug] [2025-06-08T15:25:06.928Z] <<< [apiv2][body] GET https://runtimeconfig.googleapis.com/v1beta1/projects/pro-telegram/configs/google/variables/client_id {"name":"projects/pro-telegram/configs/google/variables/client_id","updateTime":"2025-06-07T15:26:58.591222931Z","text":"893158811849-qae5a4hkdqfsg0nudf29qifpos1sj9cj.apps.googleusercontent.com"}
[debug] [2025-06-08T15:25:06.947Z] <<< [apiv2][status] GET https://runtimeconfig.googleapis.com/v1beta1/projects/pro-telegram/configs/telegram/variables/bot_token 200
[debug] [2025-06-08T15:25:06.947Z] <<< [apiv2][body] GET https://runtimeconfig.googleapis.com/v1beta1/projects/pro-telegram/configs/telegram/variables/bot_token {"name":"projects/pro-telegram/configs/telegram/variables/bot_token","updateTime":"2025-06-07T09:41:47.957790876Z","text":"placeholder"}
[debug] [2025-06-08T15:25:06.947Z] <<< [apiv2][status] GET https://runtimeconfig.googleapis.com/v1beta1/projects/pro-telegram/configs/session/variables/secret 200
[debug] [2025-06-08T15:25:06.948Z] <<< [apiv2][body] GET https://runtimeconfig.googleapis.com/v1beta1/projects/pro-telegram/configs/session/variables/secret {"name":"projects/pro-telegram/configs/session/variables/secret","updateTime":"2025-06-07T16:35:38.864240094Z","text":"task-manager-production-secret-1749314132"}
[debug] [2025-06-08T15:25:06.953Z] <<< [apiv2][status] GET https://runtimeconfig.googleapis.com/v1beta1/projects/pro-telegram/configs/google/variables/client_secret 200
[debug] [2025-06-08T15:25:06.953Z] <<< [apiv2][body] GET https://runtimeconfig.googleapis.com/v1beta1/projects/pro-telegram/configs/google/variables/client_secret {"name":"projects/pro-telegram/configs/google/variables/client_secret","updateTime":"2025-06-07T16:35:55.244479624Z","text":"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"}
[debug] [2025-06-08T15:25:06.955Z] Validating nodejs source
[warn] ⚠  functions: Runtime Node.js 18 was deprecated on 2025-04-30 and will be decommissioned on 2025-10-30, after which you will not be able to deploy without upgrading. Consider upgrading now to avoid disruption. See https://cloud.google.com/functions/docs/runtime-support for full details on the lifecycle policy 
[warn] ⚠  functions: package.json indicates an outdated version of firebase-functions. Please upgrade using npm install --save firebase-functions@latest in your functions directory. 
[warn] ⚠  functions: Please note that there will be breaking changes when you upgrade. 
[debug] [2025-06-08T15:25:07.670Z] > [functions] package.json contents: {
  "name": "functions",
  "description": "Task Manager Cloud Functions",
  "scripts": {
    "serve": "firebase emulators:start --only functions",
    "shell": "firebase functions:shell",
    "start": "npm run shell",
    "deploy": "firebase deploy --only functions",
    "logs": "firebase functions:log"
  },
  "engines": {
    "node": "18"
  },
  "main": "index.js",
  "dependencies": {
    "cors": "^2.8.5",
    "express": "^4.18.2",
    "firebase-admin": "^11.10.1",
    "firebase-functions": "^4.3.1",
    "node-telegram-bot-api": "^0.63.0"
  },
  "devDependencies": {
    "firebase-functions-test": "^3.1.0"
  },
  "private": true
}
[debug] [2025-06-08T15:25:07.670Z] Building nodejs source
[info] i  functions: Loading and analyzing source code for codebase default to determine what to deploy 
[info] i  functions: You are using a version of firebase-functions SDK (4.9.0) that does not have support for the newest Firebase Extensions features. Please update firebase-functions SDK to >=5.1.0 to use them correctly 
[debug] [2025-06-08T15:25:07.671Z] Could not find functions.yaml. Must use http discovery
[debug] [2025-06-08T15:25:07.678Z] Found firebase-functions binary at '/Users/tarasuk/Documents/GitHub/taskmanager/functions/node_modules/.bin/firebase-functions'
[info] Serving at port 8169

[info] Bot token available, initializing without polling...

[error] (node:94092) [DEP0040] DeprecationWarning: The `punycode` module is deprecated. Please use a userland alternative instead.
(Use `node --trace-deprecation ...` to show where the warning was created)

[debug] [2025-06-08T15:25:08.173Z] Got response from /__/functions.yaml {"endpoints":{"api":{"platform":"gcfv1","availableMemoryMb":null,"timeoutSeconds":null,"minInstances":null,"maxInstances":null,"ingressSettings":null,"serviceAccountEmail":null,"vpc":null,"httpsTrigger":{},"entryPoint":"api"}},"specVersion":"v1alpha1","requiredAPIs":[]}
[info] i  functions: preparing functions directory for uploading... 
[info] i  functions: packaged /Users/tarasuk/Documents/GitHub/taskmanager/functions (100.88 KB) for uploading 
[debug] [2025-06-08T15:25:12.211Z] Checked if tokens are valid: true, expires at: 1749399890525
[debug] [2025-06-08T15:25:12.211Z] Checked if tokens are valid: true, expires at: 1749399890525
[debug] [2025-06-08T15:25:12.211Z] >>> [apiv2][query] GET https://cloudfunctions.googleapis.com/v1/projects/pro-telegram/locations/-/functions [none]
[debug] [2025-06-08T15:25:13.330Z] <<< [apiv2][status] GET https://cloudfunctions.googleapis.com/v1/projects/pro-telegram/locations/-/functions 200
[debug] [2025-06-08T15:25:13.331Z] <<< [apiv2][body] GET https://cloudfunctions.googleapis.com/v1/projects/pro-telegram/locations/-/functions {"functions":[{"name":"projects/pro-telegram/locations/us-central1/functions/api","httpsTrigger":{"url":"https://us-central1-pro-telegram.cloudfunctions.net/api","securityLevel":"SECURE_ALWAYS"},"status":"ACTIVE","entryPoint":"api","timeout":"60s","availableMemoryMb":256,"serviceAccountEmail":"pro-telegram@appspot.gserviceaccount.com","updateTime":"2025-06-08T09:25:54.466Z","versionId":"3","labels":{"deployment-tool":"cli-firebase","firebase-functions-hash":"a70681f7b1c680f772e48b4a29f136969e5a6037"},"sourceUploadUrl":"https://storage.googleapis.com/uploads-675117020729.us-central1.cloudfunctions.appspot.com/4552a35a-2ad8-4a2c-ba03-d3e4a50eb0c8.zip","environmentVariables":{"FIREBASE_CONFIG":"{\"projectId\":\"pro-telegram\",\"storageBucket\":\"pro-telegram.firebasestorage.app\"}","GCLOUD_PROJECT":"pro-telegram","EVENTARC_CLOUD_EVENT_SOURCE":"projects/pro-telegram/locations/us-central1/functions/api"},"runtime":"nodejs18","ingressSettings":"ALLOW_ALL","buildId":"358b6923-5c25-4c1a-9daa-e4237b9d0907","buildEnvironmentVariables":{"GOOGLE_NODE_RUN_SCRIPTS":""},"buildName":"projects/385928158468/locations/us-central1/builds/358b6923-5c25-4c1a-9daa-e4237b9d0907","dockerRegistry":"ARTIFACT_REGISTRY","automaticUpdatePolicy":{},"buildServiceAccount":"projects/pro-telegram/serviceAccounts/385928158468-compute@developer.gserviceaccount.com","satisfiesPzi":true}]}
[debug] [2025-06-08T15:25:13.332Z] Checked if tokens are valid: true, expires at: 1749399890525
[debug] [2025-06-08T15:25:13.332Z] Checked if tokens are valid: true, expires at: 1749399890525
[debug] [2025-06-08T15:25:13.333Z] >>> [apiv2][query] GET https://cloudfunctions.googleapis.com/v2/projects/pro-telegram/locations/-/functions filter=environment%3D%22GEN_2%22
[debug] [2025-06-08T15:25:14.539Z] <<< [apiv2][status] GET https://cloudfunctions.googleapis.com/v2/projects/pro-telegram/locations/-/functions 200
[debug] [2025-06-08T15:25:14.539Z] <<< [apiv2][body] GET https://cloudfunctions.googleapis.com/v2/projects/pro-telegram/locations/-/functions {}
[debug] [2025-06-08T15:25:14.544Z] Checked if tokens are valid: true, expires at: 1749399890525
[debug] [2025-06-08T15:25:14.544Z] Checked if tokens are valid: true, expires at: 1749399890525
[debug] [2025-06-08T15:25:14.544Z] >>> [apiv2][query] GET https://serviceusage.googleapis.com/v1/projects/pro-telegram/services/cloudresourcemanager.googleapis.com [none]
[debug] [2025-06-08T15:25:14.544Z] >>> [apiv2][(partial)header] GET https://serviceusage.googleapis.com/v1/projects/pro-telegram/services/cloudresourcemanager.googleapis.com x-goog-quota-user=projects/pro-telegram
[debug] [2025-06-08T15:25:15.820Z] <<< [apiv2][status] GET https://serviceusage.googleapis.com/v1/projects/pro-telegram/services/cloudresourcemanager.googleapis.com 200
[debug] [2025-06-08T15:25:15.820Z] <<< [apiv2][body] GET https://serviceusage.googleapis.com/v1/projects/pro-telegram/services/cloudresourcemanager.googleapis.com [omitted]
[debug] [2025-06-08T15:25:15.821Z] Checked if tokens are valid: true, expires at: 1749399890525
[debug] [2025-06-08T15:25:15.821Z] Checked if tokens are valid: true, expires at: 1749399890525
[debug] [2025-06-08T15:25:15.821Z] >>> [apiv2][query] GET https://cloudresourcemanager.googleapis.com/v1/projects/pro-telegram [none]
[debug] [2025-06-08T15:25:16.939Z] <<< [apiv2][status] GET https://cloudresourcemanager.googleapis.com/v1/projects/pro-telegram 200
[debug] [2025-06-08T15:25:16.939Z] <<< [apiv2][body] GET https://cloudresourcemanager.googleapis.com/v1/projects/pro-telegram {"projectNumber":"385928158468","projectId":"pro-telegram","lifecycleState":"ACTIVE","name":"PRO Telegram","labels":{"firebase":"enabled"},"createTime":"2024-11-23T19:13:26.361472Z"}
[debug] [2025-06-08T15:25:16.947Z] Checked if tokens are valid: true, expires at: 1749399890525
[debug] [2025-06-08T15:25:16.947Z] Checked if tokens are valid: true, expires at: 1749399890525
[debug] [2025-06-08T15:25:16.947Z] >>> [apiv2][query] POST https://firebasehosting.googleapis.com/v1beta1/projects/-/sites/pro-telegram/versions [none]
[debug] [2025-06-08T15:25:16.947Z] >>> [apiv2][body] POST https://firebasehosting.googleapis.com/v1beta1/projects/-/sites/pro-telegram/versions {"status":"CREATED","labels":{"deployment-tool":"cli-firebase"}}
[debug] [2025-06-08T15:25:18.528Z] <<< [apiv2][status] POST https://firebasehosting.googleapis.com/v1beta1/projects/-/sites/pro-telegram/versions 200
[debug] [2025-06-08T15:25:18.528Z] <<< [apiv2][body] POST https://firebasehosting.googleapis.com/v1beta1/projects/-/sites/pro-telegram/versions {"name":"projects/385928158468/sites/pro-telegram/versions/f670834637393516","status":"CREATED","config":{},"labels":{"deployment-tool":"cli-firebase"}}
[debug] [2025-06-08T15:25:18.531Z] Checked if tokens are valid: true, expires at: 1749399890525
[debug] [2025-06-08T15:25:18.531Z] Checked if tokens are valid: true, expires at: 1749399890525
[debug] [2025-06-08T15:25:18.531Z] >>> [apiv2][query] GET https://firestore.googleapis.com/v1/projects/pro-telegram/databases/(default) [none]
[debug] [2025-06-08T15:25:19.135Z] <<< [apiv2][status] GET https://firestore.googleapis.com/v1/projects/pro-telegram/databases/(default) 200
[debug] [2025-06-08T15:25:19.135Z] <<< [apiv2][body] GET https://firestore.googleapis.com/v1/projects/pro-telegram/databases/(default) {"name":"projects/pro-telegram/databases/(default)","uid":"cb8faa5a-5a53-40b9-8a1b-5e1aa8c7585b","createTime":"2025-06-07T09:18:01.317726Z","updateTime":"2025-06-07T09:18:01.317726Z","locationId":"europe-central2","type":"FIRESTORE_NATIVE","concurrencyMode":"PESSIMISTIC","versionRetentionPeriod":"3600s","earliestVersionTime":"2025-06-08T14:25:19.289524Z","appEngineIntegrationMode":"DISABLED","keyPrefix":"zlm","pointInTimeRecoveryEnablement":"POINT_IN_TIME_RECOVERY_DISABLED","deleteProtectionState":"DELETE_PROTECTION_DISABLED","databaseEdition":"STANDARD","freeTier":true,"etag":"IKz9upGR4o0DMP60iemD340D"}
[debug] [2025-06-08T15:25:19.137Z] Checked if tokens are valid: true, expires at: 1749399890525
[debug] [2025-06-08T15:25:19.137Z] Checked if tokens are valid: true, expires at: 1749399890525
[debug] [2025-06-08T15:25:19.137Z] >>> [apiv2][query] GET https://firebaserules.googleapis.com/v1/projects/pro-telegram/releases pageSize=10&pageToken=
[debug] [2025-06-08T15:25:20.226Z] <<< [apiv2][status] GET https://firebaserules.googleapis.com/v1/projects/pro-telegram/releases 200
[debug] [2025-06-08T15:25:20.227Z] <<< [apiv2][body] GET https://firebaserules.googleapis.com/v1/projects/pro-telegram/releases {"releases":[{"name":"projects/pro-telegram/releases/cloud.firestore","rulesetName":"projects/pro-telegram/rulesets/38eb9e5b-6d62-4479-b096-84d8467dde12","createTime":"2025-06-07T09:18:06.788241Z","updateTime":"2025-06-08T09:19:16.032115Z"}]}
[debug] [2025-06-08T15:25:20.227Z] Checked if tokens are valid: true, expires at: 1749399890525
[debug] [2025-06-08T15:25:20.227Z] Checked if tokens are valid: true, expires at: 1749399890525
[debug] [2025-06-08T15:25:20.228Z] >>> [apiv2][query] GET https://firebaserules.googleapis.com/v1/projects/pro-telegram/rulesets/38eb9e5b-6d62-4479-b096-84d8467dde12 [none]
[debug] [2025-06-08T15:25:21.098Z] <<< [apiv2][status] GET https://firebaserules.googleapis.com/v1/projects/pro-telegram/rulesets/38eb9e5b-6d62-4479-b096-84d8467dde12 200
[debug] [2025-06-08T15:25:21.099Z] <<< [apiv2][body] GET https://firebaserules.googleapis.com/v1/projects/pro-telegram/rulesets/38eb9e5b-6d62-4479-b096-84d8467dde12 [omitted]
[info] i  firestore: latest version of firestore.rules already up to date, skipping upload... 
[info] i  firestore: deploying indexes... 
[debug] [2025-06-08T15:25:21.103Z] Checked if tokens are valid: true, expires at: 1749399890525
[debug] [2025-06-08T15:25:21.104Z] Checked if tokens are valid: true, expires at: 1749399890525
[debug] [2025-06-08T15:25:21.104Z] >>> [apiv2][query] GET https://firestore.googleapis.com/v1/projects/pro-telegram/databases/(default)/collectionGroups/-/indexes [none]
[debug] [2025-06-08T15:25:21.297Z] <<< [apiv2][status] GET https://firestore.googleapis.com/v1/projects/pro-telegram/databases/(default)/collectionGroups/-/indexes 200
[debug] [2025-06-08T15:25:21.298Z] <<< [apiv2][body] GET https://firestore.googleapis.com/v1/projects/pro-telegram/databases/(default)/collectionGroups/-/indexes {"indexes":[{"name":"projects/pro-telegram/databases/(default)/collectionGroups/users/indexes/CICAgJiUpoMJ","queryScope":"COLLECTION","fields":[{"fieldPath":"role","order":"DESCENDING"},{"fieldPath":"first_name","order":"ASCENDING"},{"fieldPath":"__name__","order":"ASCENDING"}],"state":"READY","density":"SPARSE_ALL"},{"name":"projects/pro-telegram/databases/(default)/collectionGroups/tasks/indexes/CICAgOi3kJAJ","queryScope":"COLLECTION","fields":[{"fieldPath":"chat_id","order":"ASCENDING"},{"fieldPath":"created_at","order":"DESCENDING"},{"fieldPath":"__name__","order":"DESCENDING"}],"state":"READY","density":"SPARSE_ALL"},{"name":"projects/pro-telegram/databases/(default)/collectionGroups/tasks/indexes/CICAgOjXh4EK","queryScope":"COLLECTION","fields":[{"fieldPath":"status","order":"ASCENDING"},{"fieldPath":"created_at","order":"DESCENDING"},{"fieldPath":"__name__","order":"DESCENDING"}],"state":"READY","density":"SPARSE_ALL"},{"name":"projects/pro-telegram/databases/(default)/collectionGroups/users/indexes/CICAgJiUpoMK","queryScope":"COLLECTION","fields":[{"fieldPath":"role","order":"ASCENDING"},{"fieldPath":"points","order":"DESCENDING"},{"fieldPath":"__name__","order":"DESCENDING"}],"state":"READY","density":"SPARSE_ALL"},{"name":"projects/pro-telegram/databases/(default)/collectionGroups/tasks/indexes/CICAgOi3kJAK","queryScope":"COLLECTION","fields":[{"fieldPath":"assignee_user_id","order":"ASCENDING"},{"fieldPath":"created_at","order":"DESCENDING"},{"fieldPath":"__name__","order":"DESCENDING"}],"state":"READY","density":"SPARSE_ALL"}]}
[debug] [2025-06-08T15:25:21.299Z] Checked if tokens are valid: true, expires at: 1749399890525
[debug] [2025-06-08T15:25:21.299Z] Checked if tokens are valid: true, expires at: 1749399890525
[debug] [2025-06-08T15:25:21.299Z] >>> [apiv2][query] GET https://firestore.googleapis.com/v1/projects/pro-telegram/databases/(default)/collectionGroups/-/fields?filter=indexConfig.usesAncestorConfig=false OR ttlConfig:* [none]
[debug] [2025-06-08T15:25:21.460Z] <<< [apiv2][status] GET https://firestore.googleapis.com/v1/projects/pro-telegram/databases/(default)/collectionGroups/-/fields?filter=indexConfig.usesAncestorConfig=false OR ttlConfig:* 200
[debug] [2025-06-08T15:25:21.461Z] <<< [apiv2][body] GET https://firestore.googleapis.com/v1/projects/pro-telegram/databases/(default)/collectionGroups/-/fields?filter=indexConfig.usesAncestorConfig=false OR ttlConfig:* {"fields":[{"name":"projects/pro-telegram/databases/(default)/collectionGroups/__default__/fields/*","indexConfig":{"indexes":[{"queryScope":"COLLECTION","fields":[{"fieldPath":"*","order":"ASCENDING"}],"state":"READY"},{"queryScope":"COLLECTION","fields":[{"fieldPath":"*","order":"DESCENDING"}],"state":"READY"},{"queryScope":"COLLECTION","fields":[{"fieldPath":"*","arrayConfig":"CONTAINS"}],"state":"READY"}]}}]}
[debug] [2025-06-08T15:25:21.462Z] Skipping existing index: {"collectionGroup":"tasks","queryScope":"COLLECTION","fields":[{"fieldPath":"status","order":"ASCENDING"},{"fieldPath":"created_at","order":"DESCENDING"}]}
[debug] [2025-06-08T15:25:21.462Z] Skipping existing index: {"collectionGroup":"tasks","queryScope":"COLLECTION","fields":[{"fieldPath":"assignee_user_id","order":"ASCENDING"},{"fieldPath":"created_at","order":"DESCENDING"}]}
[debug] [2025-06-08T15:25:21.462Z] Skipping existing index: {"collectionGroup":"tasks","queryScope":"COLLECTION","fields":[{"fieldPath":"chat_id","order":"ASCENDING"},{"fieldPath":"created_at","order":"DESCENDING"}]}
[debug] [2025-06-08T15:25:21.462Z] Skipping existing index: {"collectionGroup":"users","queryScope":"COLLECTION","fields":[{"fieldPath":"role","order":"ASCENDING"},{"fieldPath":"points","order":"DESCENDING"}]}
[debug] [2025-06-08T15:25:21.462Z] Skipping existing index: {"collectionGroup":"users","queryScope":"COLLECTION","fields":[{"fieldPath":"role","order":"DESCENDING"},{"fieldPath":"first_name","order":"ASCENDING"}]}
[info] ✔  firestore: deployed indexes in firestore.indexes.json successfully for (default) database 
[debug] [2025-06-08T15:25:21.464Z] Checked if tokens are valid: true, expires at: 1749399890525
[debug] [2025-06-08T15:25:21.465Z] Checked if tokens are valid: true, expires at: 1749399890525
[debug] [2025-06-08T15:25:21.465Z] >>> [apiv2][query] POST https://cloudfunctions.googleapis.com/v1/projects/pro-telegram/locations/us-central1/functions:generateUploadUrl [none]
[debug] [2025-06-08T15:25:21.465Z] >>> [apiv2][body] POST https://cloudfunctions.googleapis.com/v1/projects/pro-telegram/locations/us-central1/functions:generateUploadUrl {}
[debug] [2025-06-08T15:25:22.383Z] <<< [apiv2][status] POST https://cloudfunctions.googleapis.com/v1/projects/pro-telegram/locations/us-central1/functions:generateUploadUrl 200
[debug] [2025-06-08T15:25:22.383Z] <<< [apiv2][body] POST https://cloudfunctions.googleapis.com/v1/projects/pro-telegram/locations/us-central1/functions:generateUploadUrl {"uploadUrl":"https://storage.googleapis.com/uploads-675117020729.us-central1.cloudfunctions.appspot.com/1043f13f-7160-413e-b372-db4e28fd9efa.zip?GoogleAccessId=service-385928158468@gcf-admin-robot.iam.gserviceaccount.com&Expires=1749398122&Signature=HLA62ho8CqtaiN97jxTVfncvcb8TtxqezFtX8hqgaRTT94ZNIX4%2B6wqx4JgTGu%2BA5VPwbpY7xoAMpxXIJVIroNwKhkf5x0XjD%2FwWEmYYqtLgqy2hvvIygDF6MUUlj7TkEf%2BV8VUHmicOH6zVuEpAYcn8vFSBA1i1mGTA0VfxglrBUSA3GxneWPQD17Ou%2FRpmKDcDl1XtIxMd37UwRYrzty2Ha%2Btf8UFMmhMhDMxJKcZarJzkRLtx9EwhRpOuAfoMrJ5B8HelAEs%2FHb8TFPKAFozWEf3BAHD4lE%2Bk0bL4VouSj8%2FU0EO7mlsPz0Mavohbbfio3JbBt3mNAV8NkCMAbg%3D%3D"}
[debug] [2025-06-08T15:25:22.385Z] >>> [apiv2][query] PUT https://storage.googleapis.com/uploads-675117020729.us-central1.cloudfunctions.appspot.com/1043f13f-7160-413e-b372-db4e28fd9efa.zip GoogleAccessId=service-385928158468%40gcf-admin-robot.iam.gserviceaccount.com&Expires=1749398122&Signature=HLA62ho8CqtaiN97jxTVfncvcb8TtxqezFtX8hqgaRTT94ZNIX4%2B6wqx4JgTGu%2BA5VPwbpY7xoAMpxXIJVIroNwKhkf5x0XjD%2FwWEmYYqtLgqy2hvvIygDF6MUUlj7TkEf%2BV8VUHmicOH6zVuEpAYcn8vFSBA1i1mGTA0VfxglrBUSA3GxneWPQD17Ou%2FRpmKDcDl1XtIxMd37UwRYrzty2Ha%2Btf8UFMmhMhDMxJKcZarJzkRLtx9EwhRpOuAfoMrJ5B8HelAEs%2FHb8TFPKAFozWEf3BAHD4lE%2Bk0bL4VouSj8%2FU0EO7mlsPz0Mavohbbfio3JbBt3mNAV8NkCMAbg%3D%3D
[debug] [2025-06-08T15:25:22.385Z] >>> [apiv2][body] PUT https://storage.googleapis.com/uploads-675117020729.us-central1.cloudfunctions.appspot.com/1043f13f-7160-413e-b372-db4e28fd9efa.zip [stream]
[debug] [2025-06-08T15:25:24.079Z] <<< [apiv2][status] PUT https://storage.googleapis.com/uploads-675117020729.us-central1.cloudfunctions.appspot.com/1043f13f-7160-413e-b372-db4e28fd9efa.zip 200
[debug] [2025-06-08T15:25:24.079Z] <<< [apiv2][body] PUT https://storage.googleapis.com/uploads-675117020729.us-central1.cloudfunctions.appspot.com/1043f13f-7160-413e-b372-db4e28fd9efa.zip [omitted]
[info] ✔  functions: functions folder uploaded successfully 
[info] i  hosting[pro-telegram]: beginning deploy... 
[info] i  hosting[pro-telegram]: found 2 files in public 
[debug] [2025-06-08T15:25:24.102Z] [hosting] uploading with 200 concurrency
[debug] [2025-06-08T15:25:24.114Z] Checked if tokens are valid: true, expires at: 1749399890525
[debug] [2025-06-08T15:25:24.114Z] Checked if tokens are valid: true, expires at: 1749399890525
[debug] [2025-06-08T15:25:24.115Z] [hosting] hash cache [cHVibGlj] stored for 2 files
[debug] [2025-06-08T15:25:24.115Z] [hosting][hash queue][FINAL] {"max":10,"min":1,"avg":5.5,"active":0,"complete":2,"success":2,"errored":0,"retried":0,"total":2,"elapsed":11}
[debug] [2025-06-08T15:25:24.115Z] >>> [apiv2][query] POST https://firebasehosting.googleapis.com/v1beta1/projects/385928158468/sites/pro-telegram/versions/f670834637393516:populateFiles [none]
[debug] [2025-06-08T15:25:24.115Z] >>> [apiv2][body] POST https://firebasehosting.googleapis.com/v1beta1/projects/385928158468/sites/pro-telegram/versions/f670834637393516:populateFiles {"files":{"/login.html":"bb1985c035a762180ae17917610c205503dcac69cd4280bae2d866bbbeba8d7b","/index.html":"36240487e2c4eef1b7ecfa3561554fe155a7e92c9b74c7a3ef79a90c7f941ee1"}}
[debug] [2025-06-08T15:25:25.316Z] <<< [apiv2][status] POST https://firebasehosting.googleapis.com/v1beta1/projects/385928158468/sites/pro-telegram/versions/f670834637393516:populateFiles 200
[debug] [2025-06-08T15:25:25.317Z] <<< [apiv2][body] POST https://firebasehosting.googleapis.com/v1beta1/projects/385928158468/sites/pro-telegram/versions/f670834637393516:populateFiles {"uploadRequiredHashes":["36240487e2c4eef1b7ecfa3561554fe155a7e92c9b74c7a3ef79a90c7f941ee1"],"uploadUrl":"https://upload-firebasehosting.googleapis.com/upload/sites/pro-telegram/versions/f670834637393516/files"}
[debug] [2025-06-08T15:25:25.318Z] Checked if tokens are valid: true, expires at: 1749399890525
[debug] [2025-06-08T15:25:25.318Z] Checked if tokens are valid: true, expires at: 1749399890525
[debug] [2025-06-08T15:25:25.319Z] >>> [apiv2][query] POST https://upload-firebasehosting.googleapis.com/upload/sites/pro-telegram/versions/f670834637393516/files/36240487e2c4eef1b7ecfa3561554fe155a7e92c9b74c7a3ef79a90c7f941ee1 [none]
[debug] [2025-06-08T15:25:25.319Z] >>> [apiv2][body] POST https://upload-firebasehosting.googleapis.com/upload/sites/pro-telegram/versions/f670834637393516/files/36240487e2c4eef1b7ecfa3561554fe155a7e92c9b74c7a3ef79a90c7f941ee1 [stream]
[debug] [2025-06-08T15:25:25.322Z] [hosting][populate queue][FINAL] {"max":1204,"min":1204,"avg":1204,"active":0,"complete":1,"success":1,"errored":0,"retried":0,"total":1,"elapsed":1208}
[debug] [2025-06-08T15:25:25.322Z] [hosting] uploads queued: 1
[info] i  hosting: uploading new files [0/1] (0%) 
[debug] [2025-06-08T15:25:27.768Z] <<< [apiv2][status] POST https://upload-firebasehosting.googleapis.com/upload/sites/pro-telegram/versions/f670834637393516/files/36240487e2c4eef1b7ecfa3561554fe155a7e92c9b74c7a3ef79a90c7f941ee1 200
[debug] [2025-06-08T15:25:27.768Z] <<< [apiv2][body] POST https://upload-firebasehosting.googleapis.com/upload/sites/pro-telegram/versions/f670834637393516/files/36240487e2c4eef1b7ecfa3561554fe155a7e92c9b74c7a3ef79a90c7f941ee1 [stream]
[debug] [2025-06-08T15:25:27.768Z] [hosting][upload queue][FINAL] {"max":2451,"min":2451,"avg":2451,"active":0,"complete":1,"success":1,"errored":0,"retried":0,"total":1,"elapsed":2451}
[info] i  hosting: upload complete 
[info] ✔  hosting[pro-telegram]: file upload complete 
[debug] [2025-06-08T15:25:27.769Z] [hosting] deploy completed after 3684ms
[debug] [2025-06-08T15:25:27.769Z] [rules] releasing cloud.firestore/(default) with ruleset projects/pro-telegram/rulesets/38eb9e5b-6d62-4479-b096-84d8467dde12
[debug] [2025-06-08T15:25:27.770Z] Checked if tokens are valid: true, expires at: 1749399890525
[debug] [2025-06-08T15:25:27.770Z] Checked if tokens are valid: true, expires at: 1749399890525
[debug] [2025-06-08T15:25:27.770Z] >>> [apiv2][query] PATCH https://firebaserules.googleapis.com/v1/projects/pro-telegram/releases/cloud.firestore/(default) [none]
[debug] [2025-06-08T15:25:27.770Z] >>> [apiv2][body] PATCH https://firebaserules.googleapis.com/v1/projects/pro-telegram/releases/cloud.firestore/(default) {"release":{"name":"projects/pro-telegram/releases/cloud.firestore/(default)","rulesetName":"projects/pro-telegram/rulesets/38eb9e5b-6d62-4479-b096-84d8467dde12"}}
[debug] [2025-06-08T15:25:29.047Z] <<< [apiv2][status] PATCH https://firebaserules.googleapis.com/v1/projects/pro-telegram/releases/cloud.firestore/(default) 200
[debug] [2025-06-08T15:25:29.047Z] <<< [apiv2][body] PATCH https://firebaserules.googleapis.com/v1/projects/pro-telegram/releases/cloud.firestore/(default) {"name":"projects/pro-telegram/releases/cloud.firestore","rulesetName":"projects/pro-telegram/rulesets/38eb9e5b-6d62-4479-b096-84d8467dde12","createTime":"2025-06-07T09:18:06.788241Z","updateTime":"2025-06-08T15:25:29.127559Z"}
[debug] [2025-06-08T15:25:29.047Z] [rules] updated release projects/pro-telegram/releases/cloud.firestore
[info] ✔  firestore: released rules firestore.rules to cloud.firestore 
[info] i  functions: updating Node.js 18 (1st Gen) function api(us-central1)... 
[debug] [2025-06-08T15:25:29.052Z] Checked if tokens are valid: true, expires at: 1749399890525
[debug] [2025-06-08T15:25:29.052Z] Checked if tokens are valid: true, expires at: 1749399890525
[debug] [2025-06-08T15:25:29.052Z] >>> [apiv2][query] PATCH https://cloudfunctions.googleapis.com/v1/projects/pro-telegram/locations/us-central1/functions/api updateMask=name%2CsourceUploadUrl%2CentryPoint%2Cruntime%2CdockerRegistry%2Clabels%2ChttpsTrigger.securityLevel%2CminInstances%2CmaxInstances%2CingressSettings%2CenvironmentVariables%2CserviceAccountEmail%2CavailableMemoryMb%2Ctimeout%2CvpcConnector%2CvpcConnectorEgressSettings%2CsourceToken%2CbuildEnvironmentVariables
[debug] [2025-06-08T15:25:29.052Z] >>> [apiv2][body] PATCH https://cloudfunctions.googleapis.com/v1/projects/pro-telegram/locations/us-central1/functions/api {"name":"projects/pro-telegram/locations/us-central1/functions/api","sourceUploadUrl":"https://storage.googleapis.com/uploads-675117020729.us-central1.cloudfunctions.appspot.com/1043f13f-7160-413e-b372-db4e28fd9efa.zip?GoogleAccessId=service-385928158468@gcf-admin-robot.iam.gserviceaccount.com&Expires=1749398122&Signature=HLA62ho8CqtaiN97jxTVfncvcb8TtxqezFtX8hqgaRTT94ZNIX4%2B6wqx4JgTGu%2BA5VPwbpY7xoAMpxXIJVIroNwKhkf5x0XjD%2FwWEmYYqtLgqy2hvvIygDF6MUUlj7TkEf%2BV8VUHmicOH6zVuEpAYcn8vFSBA1i1mGTA0VfxglrBUSA3GxneWPQD17Ou%2FRpmKDcDl1XtIxMd37UwRYrzty2Ha%2Btf8UFMmhMhDMxJKcZarJzkRLtx9EwhRpOuAfoMrJ5B8HelAEs%2FHb8TFPKAFozWEf3BAHD4lE%2Bk0bL4VouSj8%2FU0EO7mlsPz0Mavohbbfio3JbBt3mNAV8NkCMAbg%3D%3D","entryPoint":"api","runtime":"nodejs18","dockerRegistry":"ARTIFACT_REGISTRY","labels":{"deployment-tool":"cli-firebase","firebase-functions-hash":"63d76a45988a6cb049570f662ff16c02a60d57dd"},"httpsTrigger":{"securityLevel":"SECURE_ALWAYS"},"minInstances":null,"maxInstances":null,"ingressSettings":null,"environmentVariables":{"FIREBASE_CONFIG":"{\"projectId\":\"pro-telegram\",\"storageBucket\":\"pro-telegram.firebasestorage.app\"}","GCLOUD_PROJECT":"pro-telegram","EVENTARC_CLOUD_EVENT_SOURCE":"projects/pro-telegram/locations/us-central1/functions/api"},"serviceAccountEmail":null,"availableMemoryMb":null,"timeout":null,"vpcConnector":null,"vpcConnectorEgressSettings":null,"buildEnvironmentVariables":{"GOOGLE_NODE_RUN_SCRIPTS":""}}
[debug] [2025-06-08T15:25:30.023Z] <<< [apiv2][status] PATCH https://cloudfunctions.googleapis.com/v1/projects/pro-telegram/locations/us-central1/functions/api 200
[debug] [2025-06-08T15:25:30.023Z] <<< [apiv2][body] PATCH https://cloudfunctions.googleapis.com/v1/projects/pro-telegram/locations/us-central1/functions/api {"name":"operations/cHJvLXRlbGVncmFtL3VzLWNlbnRyYWwxL2FwaS9HS1pPR2hybFd3UQ","metadata":{"@type":"type.googleapis.com/google.cloud.functions.v1.OperationMetadataV1","target":"projects/pro-telegram/locations/us-central1/functions/api","type":"UPDATE_FUNCTION","request":{"@type":"type.googleapis.com/google.cloud.functions.v1.CloudFunction","name":"projects/pro-telegram/locations/us-central1/functions/api","httpsTrigger":{"url":"https://us-central1-pro-telegram.cloudfunctions.net/api","securityLevel":"SECURE_ALWAYS"},"status":"ACTIVE","entryPoint":"api","updateTime":"2025-06-08T09:25:54.466Z","versionId":"3","labels":{"deployment-tool":"cli-firebase","firebase-functions-hash":"63d76a45988a6cb049570f662ff16c02a60d57dd"},"sourceUploadUrl":"https://storage.googleapis.com/uploads-675117020729.us-central1.cloudfunctions.appspot.com/1043f13f-7160-413e-b372-db4e28fd9efa.zip?GoogleAccessId=service-385928158468@gcf-admin-robot.iam.gserviceaccount.com&Expires=1749398122&Signature=HLA62ho8CqtaiN97jxTVfncvcb8TtxqezFtX8hqgaRTT94ZNIX4%2B6wqx4JgTGu%2BA5VPwbpY7xoAMpxXIJVIroNwKhkf5x0XjD%2FwWEmYYqtLgqy2hvvIygDF6MUUlj7TkEf%2BV8VUHmicOH6zVuEpAYcn8vFSBA1i1mGTA0VfxglrBUSA3GxneWPQD17Ou%2FRpmKDcDl1XtIxMd37UwRYrzty2Ha%2Btf8UFMmhMhDMxJKcZarJzkRLtx9EwhRpOuAfoMrJ5B8HelAEs%2FHb8TFPKAFozWEf3BAHD4lE%2Bk0bL4VouSj8%2FU0EO7mlsPz0Mavohbbfio3JbBt3mNAV8NkCMAbg%3D%3D","environmentVariables":{"FIREBASE_CONFIG":"{\"projectId\":\"pro-telegram\",\"storageBucket\":\"pro-telegram.firebasestorage.app\"}","GCLOUD_PROJECT":"pro-telegram","EVENTARC_CLOUD_EVENT_SOURCE":"projects/pro-telegram/locations/us-central1/functions/api"},"runtime":"nodejs18","buildId":"358b6923-5c25-4c1a-9daa-e4237b9d0907","buildEnvironmentVariables":{"GOOGLE_NODE_RUN_SCRIPTS":""},"buildName":"projects/385928158468/locations/us-central1/builds/358b6923-5c25-4c1a-9daa-e4237b9d0907","dockerRegistry":"ARTIFACT_REGISTRY","automaticUpdatePolicy":{},"buildServiceAccount":"projects/pro-telegram/serviceAccounts/385928158468-compute@developer.gserviceaccount.com"},"versionId":"4","updateTime":"2025-06-08T15:25:30Z"}}
[debug] [2025-06-08T15:25:30.024Z] Checked if tokens are valid: true, expires at: 1749399890525
[debug] [2025-06-08T15:25:30.024Z] Checked if tokens are valid: true, expires at: 1749399890525
[debug] [2025-06-08T15:25:30.024Z] >>> [apiv2][query] GET https://cloudfunctions.googleapis.com/v1/operations/cHJvLXRlbGVncmFtL3VzLWNlbnRyYWwxL2FwaS9HS1pPR2hybFd3UQ [none]
[debug] [2025-06-08T15:25:30.334Z] <<< [apiv2][status] GET https://cloudfunctions.googleapis.com/v1/operations/cHJvLXRlbGVncmFtL3VzLWNlbnRyYWwxL2FwaS9HS1pPR2hybFd3UQ 200
[debug] [2025-06-08T15:25:30.334Z] <<< [apiv2][body] GET https://cloudfunctions.googleapis.com/v1/operations/cHJvLXRlbGVncmFtL3VzLWNlbnRyYWwxL2FwaS9HS1pPR2hybFd3UQ {"name":"operations/cHJvLXRlbGVncmFtL3VzLWNlbnRyYWwxL2FwaS9HS1pPR2hybFd3UQ","metadata":{"@type":"type.googleapis.com/google.cloud.functions.v1.OperationMetadataV1","target":"projects/pro-telegram/locations/us-central1/functions/api","type":"UPDATE_FUNCTION","request":{"@type":"type.googleapis.com/google.cloud.functions.v1.CloudFunction","name":"projects/pro-telegram/locations/us-central1/functions/api","httpsTrigger":{"url":"https://us-central1-pro-telegram.cloudfunctions.net/api","securityLevel":"SECURE_ALWAYS"},"status":"ACTIVE","entryPoint":"api","updateTime":"2025-06-08T09:25:54.466Z","versionId":"3","labels":{"deployment-tool":"cli-firebase","firebase-functions-hash":"63d76a45988a6cb049570f662ff16c02a60d57dd"},"sourceUploadUrl":"https://storage.googleapis.com/uploads-675117020729.us-central1.cloudfunctions.appspot.com/1043f13f-7160-413e-b372-db4e28fd9efa.zip?GoogleAccessId=service-385928158468@gcf-admin-robot.iam.gserviceaccount.com&Expires=1749398122&Signature=HLA62ho8CqtaiN97jxTVfncvcb8TtxqezFtX8hqgaRTT94ZNIX4%2B6wqx4JgTGu%2BA5VPwbpY7xoAMpxXIJVIroNwKhkf5x0XjD%2FwWEmYYqtLgqy2hvvIygDF6MUUlj7TkEf%2BV8VUHmicOH6zVuEpAYcn8vFSBA1i1mGTA0VfxglrBUSA3GxneWPQD17Ou%2FRpmKDcDl1XtIxMd37UwRYrzty2Ha%2Btf8UFMmhMhDMxJKcZarJzkRLtx9EwhRpOuAfoMrJ5B8HelAEs%2FHb8TFPKAFozWEf3BAHD4lE%2Bk0bL4VouSj8%2FU0EO7mlsPz0Mavohbbfio3JbBt3mNAV8NkCMAbg%3D%3D","environmentVariables":{"FIREBASE_CONFIG":"{\"projectId\":\"pro-telegram\",\"storageBucket\":\"pro-telegram.firebasestorage.app\"}","GCLOUD_PROJECT":"pro-telegram","EVENTARC_CLOUD_EVENT_SOURCE":"projects/pro-telegram/locations/us-central1/functions/api"},"runtime":"nodejs18","buildId":"358b6923-5c25-4c1a-9daa-e4237b9d0907","buildEnvironmentVariables":{"GOOGLE_NODE_RUN_SCRIPTS":""},"buildName":"projects/385928158468/locations/us-central1/builds/358b6923-5c25-4c1a-9daa-e4237b9d0907","dockerRegistry":"ARTIFACT_REGISTRY","automaticUpdatePolicy":{},"buildServiceAccount":"projects/pro-telegram/serviceAccounts/385928158468-compute@developer.gserviceaccount.com"},"versionId":"4","updateTime":"2025-06-08T15:25:30Z"}}
[debug] [2025-06-08T15:25:30.837Z] [update-default-us-central1-api] Retrying task index 0
[debug] [2025-06-08T15:25:30.837Z] Checked if tokens are valid: true, expires at: 1749399890525
[debug] [2025-06-08T15:25:30.837Z] Checked if tokens are valid: true, expires at: 1749399890525
[debug] [2025-06-08T15:25:30.837Z] >>> [apiv2][query] GET https://cloudfunctions.googleapis.com/v1/operations/cHJvLXRlbGVncmFtL3VzLWNlbnRyYWwxL2FwaS9HS1pPR2hybFd3UQ [none]
[debug] [2025-06-08T15:25:31.173Z] <<< [apiv2][status] GET https://cloudfunctions.googleapis.com/v1/operations/cHJvLXRlbGVncmFtL3VzLWNlbnRyYWwxL2FwaS9HS1pPR2hybFd3UQ 200
[debug] [2025-06-08T15:25:31.173Z] <<< [apiv2][body] GET https://cloudfunctions.googleapis.com/v1/operations/cHJvLXRlbGVncmFtL3VzLWNlbnRyYWwxL2FwaS9HS1pPR2hybFd3UQ {"name":"operations/cHJvLXRlbGVncmFtL3VzLWNlbnRyYWwxL2FwaS9HS1pPR2hybFd3UQ","metadata":{"@type":"type.googleapis.com/google.cloud.functions.v1.OperationMetadataV1","target":"projects/pro-telegram/locations/us-central1/functions/api","type":"UPDATE_FUNCTION","request":{"@type":"type.googleapis.com/google.cloud.functions.v1.CloudFunction","name":"projects/pro-telegram/locations/us-central1/functions/api","httpsTrigger":{"url":"https://us-central1-pro-telegram.cloudfunctions.net/api","securityLevel":"SECURE_ALWAYS"},"status":"ACTIVE","entryPoint":"api","updateTime":"2025-06-08T09:25:54.466Z","versionId":"3","labels":{"deployment-tool":"cli-firebase","firebase-functions-hash":"63d76a45988a6cb049570f662ff16c02a60d57dd"},"sourceUploadUrl":"https://storage.googleapis.com/uploads-675117020729.us-central1.cloudfunctions.appspot.com/1043f13f-7160-413e-b372-db4e28fd9efa.zip?GoogleAccessId=service-385928158468@gcf-admin-robot.iam.gserviceaccount.com&Expires=1749398122&Signature=HLA62ho8CqtaiN97jxTVfncvcb8TtxqezFtX8hqgaRTT94ZNIX4%2B6wqx4JgTGu%2BA5VPwbpY7xoAMpxXIJVIroNwKhkf5x0XjD%2FwWEmYYqtLgqy2hvvIygDF6MUUlj7TkEf%2BV8VUHmicOH6zVuEpAYcn8vFSBA1i1mGTA0VfxglrBUSA3GxneWPQD17Ou%2FRpmKDcDl1XtIxMd37UwRYrzty2Ha%2Btf8UFMmhMhDMxJKcZarJzkRLtx9EwhRpOuAfoMrJ5B8HelAEs%2FHb8TFPKAFozWEf3BAHD4lE%2Bk0bL4VouSj8%2FU0EO7mlsPz0Mavohbbfio3JbBt3mNAV8NkCMAbg%3D%3D","environmentVariables":{"FIREBASE_CONFIG":"{\"projectId\":\"pro-telegram\",\"storageBucket\":\"pro-telegram.firebasestorage.app\"}","GCLOUD_PROJECT":"pro-telegram","EVENTARC_CLOUD_EVENT_SOURCE":"projects/pro-telegram/locations/us-central1/functions/api"},"runtime":"nodejs18","buildId":"358b6923-5c25-4c1a-9daa-e4237b9d0907","buildEnvironmentVariables":{"GOOGLE_NODE_RUN_SCRIPTS":""},"buildName":"projects/385928158468/locations/us-central1/builds/358b6923-5c25-4c1a-9daa-e4237b9d0907","dockerRegistry":"ARTIFACT_REGISTRY","automaticUpdatePolicy":{},"buildServiceAccount":"projects/pro-telegram/serviceAccounts/385928158468-compute@developer.gserviceaccount.com"},"versionId":"4","updateTime":"2025-06-08T15:25:30Z","buildId":"87da6f48-dc10-4dc4-b0b9-7c0f3c30af48","buildName":"projects/385928158468/locations/us-central1/builds/87da6f48-dc10-4dc4-b0b9-7c0f3c30af48"}}
[debug] [2025-06-08T15:25:32.175Z] [update-default-us-central1-api] Retrying task index 0
[debug] [2025-06-08T15:25:32.175Z] Checked if tokens are valid: true, expires at: 1749399890525
[debug] [2025-06-08T15:25:32.175Z] Checked if tokens are valid: true, expires at: 1749399890525
[debug] [2025-06-08T15:25:32.175Z] >>> [apiv2][query] GET https://cloudfunctions.googleapis.com/v1/operations/cHJvLXRlbGVncmFtL3VzLWNlbnRyYWwxL2FwaS9HS1pPR2hybFd3UQ [none]
[debug] [2025-06-08T15:25:32.614Z] <<< [apiv2][status] GET https://cloudfunctions.googleapis.com/v1/operations/cHJvLXRlbGVncmFtL3VzLWNlbnRyYWwxL2FwaS9HS1pPR2hybFd3UQ 200
[debug] [2025-06-08T15:25:32.614Z] <<< [apiv2][body] GET https://cloudfunctions.googleapis.com/v1/operations/cHJvLXRlbGVncmFtL3VzLWNlbnRyYWwxL2FwaS9HS1pPR2hybFd3UQ {"name":"operations/cHJvLXRlbGVncmFtL3VzLWNlbnRyYWwxL2FwaS9HS1pPR2hybFd3UQ","metadata":{"@type":"type.googleapis.com/google.cloud.functions.v1.OperationMetadataV1","target":"projects/pro-telegram/locations/us-central1/functions/api","type":"UPDATE_FUNCTION","request":{"@type":"type.googleapis.com/google.cloud.functions.v1.CloudFunction","name":"projects/pro-telegram/locations/us-central1/functions/api","httpsTrigger":{"url":"https://us-central1-pro-telegram.cloudfunctions.net/api","securityLevel":"SECURE_ALWAYS"},"status":"ACTIVE","entryPoint":"api","updateTime":"2025-06-08T09:25:54.466Z","versionId":"3","labels":{"deployment-tool":"cli-firebase","firebase-functions-hash":"63d76a45988a6cb049570f662ff16c02a60d57dd"},"sourceUploadUrl":"https://storage.googleapis.com/uploads-675117020729.us-central1.cloudfunctions.appspot.com/1043f13f-7160-413e-b372-db4e28fd9efa.zip?GoogleAccessId=service-385928158468@gcf-admin-robot.iam.gserviceaccount.com&Expires=1749398122&Signature=HLA62ho8CqtaiN97jxTVfncvcb8TtxqezFtX8hqgaRTT94ZNIX4%2B6wqx4JgTGu%2BA5VPwbpY7xoAMpxXIJVIroNwKhkf5x0XjD%2FwWEmYYqtLgqy2hvvIygDF6MUUlj7TkEf%2BV8VUHmicOH6zVuEpAYcn8vFSBA1i1mGTA0VfxglrBUSA3GxneWPQD17Ou%2FRpmKDcDl1XtIxMd37UwRYrzty2Ha%2Btf8UFMmhMhDMxJKcZarJzkRLtx9EwhRpOuAfoMrJ5B8HelAEs%2FHb8TFPKAFozWEf3BAHD4lE%2Bk0bL4VouSj8%2FU0EO7mlsPz0Mavohbbfio3JbBt3mNAV8NkCMAbg%3D%3D","environmentVariables":{"FIREBASE_CONFIG":"{\"projectId\":\"pro-telegram\",\"storageBucket\":\"pro-telegram.firebasestorage.app\"}","GCLOUD_PROJECT":"pro-telegram","EVENTARC_CLOUD_EVENT_SOURCE":"projects/pro-telegram/locations/us-central1/functions/api"},"runtime":"nodejs18","buildId":"358b6923-5c25-4c1a-9daa-e4237b9d0907","buildEnvironmentVariables":{"GOOGLE_NODE_RUN_SCRIPTS":""},"buildName":"projects/385928158468/locations/us-central1/builds/358b6923-5c25-4c1a-9daa-e4237b9d0907","dockerRegistry":"ARTIFACT_REGISTRY","automaticUpdatePolicy":{},"buildServiceAccount":"projects/pro-telegram/serviceAccounts/385928158468-compute@developer.gserviceaccount.com"},"versionId":"4","updateTime":"2025-06-08T15:25:30Z","buildId":"87da6f48-dc10-4dc4-b0b9-7c0f3c30af48","buildName":"projects/385928158468/locations/us-central1/builds/87da6f48-dc10-4dc4-b0b9-7c0f3c30af48"}}
[debug] [2025-06-08T15:25:34.615Z] [update-default-us-central1-api] Retrying task index 0
[debug] [2025-06-08T15:25:34.615Z] Checked if tokens are valid: true, expires at: 1749399890525
[debug] [2025-06-08T15:25:34.615Z] Checked if tokens are valid: true, expires at: 1749399890525
[debug] [2025-06-08T15:25:34.616Z] >>> [apiv2][query] GET https://cloudfunctions.googleapis.com/v1/operations/cHJvLXRlbGVncmFtL3VzLWNlbnRyYWwxL2FwaS9HS1pPR2hybFd3UQ [none]
[debug] [2025-06-08T15:25:35.081Z] <<< [apiv2][status] GET https://cloudfunctions.googleapis.com/v1/operations/cHJvLXRlbGVncmFtL3VzLWNlbnRyYWwxL2FwaS9HS1pPR2hybFd3UQ 200
[debug] [2025-06-08T15:25:35.082Z] <<< [apiv2][body] GET https://cloudfunctions.googleapis.com/v1/operations/cHJvLXRlbGVncmFtL3VzLWNlbnRyYWwxL2FwaS9HS1pPR2hybFd3UQ {"name":"operations/cHJvLXRlbGVncmFtL3VzLWNlbnRyYWwxL2FwaS9HS1pPR2hybFd3UQ","metadata":{"@type":"type.googleapis.com/google.cloud.functions.v1.OperationMetadataV1","target":"projects/pro-telegram/locations/us-central1/functions/api","type":"UPDATE_FUNCTION","request":{"@type":"type.googleapis.com/google.cloud.functions.v1.CloudFunction","name":"projects/pro-telegram/locations/us-central1/functions/api","httpsTrigger":{"url":"https://us-central1-pro-telegram.cloudfunctions.net/api","securityLevel":"SECURE_ALWAYS"},"status":"ACTIVE","entryPoint":"api","updateTime":"2025-06-08T09:25:54.466Z","versionId":"3","labels":{"deployment-tool":"cli-firebase","firebase-functions-hash":"63d76a45988a6cb049570f662ff16c02a60d57dd"},"sourceUploadUrl":"https://storage.googleapis.com/uploads-675117020729.us-central1.cloudfunctions.appspot.com/1043f13f-7160-413e-b372-db4e28fd9efa.zip?GoogleAccessId=service-385928158468@gcf-admin-robot.iam.gserviceaccount.com&Expires=1749398122&Signature=HLA62ho8CqtaiN97jxTVfncvcb8TtxqezFtX8hqgaRTT94ZNIX4%2B6wqx4JgTGu%2BA5VPwbpY7xoAMpxXIJVIroNwKhkf5x0XjD%2FwWEmYYqtLgqy2hvvIygDF6MUUlj7TkEf%2BV8VUHmicOH6zVuEpAYcn8vFSBA1i1mGTA0VfxglrBUSA3GxneWPQD17Ou%2FRpmKDcDl1XtIxMd37UwRYrzty2Ha%2Btf8UFMmhMhDMxJKcZarJzkRLtx9EwhRpOuAfoMrJ5B8HelAEs%2FHb8TFPKAFozWEf3BAHD4lE%2Bk0bL4VouSj8%2FU0EO7mlsPz0Mavohbbfio3JbBt3mNAV8NkCMAbg%3D%3D","environmentVariables":{"FIREBASE_CONFIG":"{\"projectId\":\"pro-telegram\",\"storageBucket\":\"pro-telegram.firebasestorage.app\"}","GCLOUD_PROJECT":"pro-telegram","EVENTARC_CLOUD_EVENT_SOURCE":"projects/pro-telegram/locations/us-central1/functions/api"},"runtime":"nodejs18","buildId":"358b6923-5c25-4c1a-9daa-e4237b9d0907","buildEnvironmentVariables":{"GOOGLE_NODE_RUN_SCRIPTS":""},"buildName":"projects/385928158468/locations/us-central1/builds/358b6923-5c25-4c1a-9daa-e4237b9d0907","dockerRegistry":"ARTIFACT_REGISTRY","automaticUpdatePolicy":{},"buildServiceAccount":"projects/pro-telegram/serviceAccounts/385928158468-compute@developer.gserviceaccount.com"},"versionId":"4","updateTime":"2025-06-08T15:25:30Z","buildId":"87da6f48-dc10-4dc4-b0b9-7c0f3c30af48","buildName":"projects/385928158468/locations/us-central1/builds/87da6f48-dc10-4dc4-b0b9-7c0f3c30af48"}}
[debug] [2025-06-08T15:25:39.083Z] [update-default-us-central1-api] Retrying task index 0
[debug] [2025-06-08T15:25:39.084Z] Checked if tokens are valid: true, expires at: 1749399890525
[debug] [2025-06-08T15:25:39.084Z] Checked if tokens are valid: true, expires at: 1749399890525
[debug] [2025-06-08T15:25:39.085Z] >>> [apiv2][query] GET https://cloudfunctions.googleapis.com/v1/operations/cHJvLXRlbGVncmFtL3VzLWNlbnRyYWwxL2FwaS9HS1pPR2hybFd3UQ [none]
[debug] [2025-06-08T15:25:39.370Z] <<< [apiv2][status] GET https://cloudfunctions.googleapis.com/v1/operations/cHJvLXRlbGVncmFtL3VzLWNlbnRyYWwxL2FwaS9HS1pPR2hybFd3UQ 200
[debug] [2025-06-08T15:25:39.370Z] <<< [apiv2][body] GET https://cloudfunctions.googleapis.com/v1/operations/cHJvLXRlbGVncmFtL3VzLWNlbnRyYWwxL2FwaS9HS1pPR2hybFd3UQ {"name":"operations/cHJvLXRlbGVncmFtL3VzLWNlbnRyYWwxL2FwaS9HS1pPR2hybFd3UQ","metadata":{"@type":"type.googleapis.com/google.cloud.functions.v1.OperationMetadataV1","target":"projects/pro-telegram/locations/us-central1/functions/api","type":"UPDATE_FUNCTION","request":{"@type":"type.googleapis.com/google.cloud.functions.v1.CloudFunction","name":"projects/pro-telegram/locations/us-central1/functions/api","httpsTrigger":{"url":"https://us-central1-pro-telegram.cloudfunctions.net/api","securityLevel":"SECURE_ALWAYS"},"status":"ACTIVE","entryPoint":"api","updateTime":"2025-06-08T09:25:54.466Z","versionId":"3","labels":{"deployment-tool":"cli-firebase","firebase-functions-hash":"63d76a45988a6cb049570f662ff16c02a60d57dd"},"sourceUploadUrl":"https://storage.googleapis.com/uploads-675117020729.us-central1.cloudfunctions.appspot.com/1043f13f-7160-413e-b372-db4e28fd9efa.zip?GoogleAccessId=service-385928158468@gcf-admin-robot.iam.gserviceaccount.com&Expires=1749398122&Signature=HLA62ho8CqtaiN97jxTVfncvcb8TtxqezFtX8hqgaRTT94ZNIX4%2B6wqx4JgTGu%2BA5VPwbpY7xoAMpxXIJVIroNwKhkf5x0XjD%2FwWEmYYqtLgqy2hvvIygDF6MUUlj7TkEf%2BV8VUHmicOH6zVuEpAYcn8vFSBA1i1mGTA0VfxglrBUSA3GxneWPQD17Ou%2FRpmKDcDl1XtIxMd37UwRYrzty2Ha%2Btf8UFMmhMhDMxJKcZarJzkRLtx9EwhRpOuAfoMrJ5B8HelAEs%2FHb8TFPKAFozWEf3BAHD4lE%2Bk0bL4VouSj8%2FU0EO7mlsPz0Mavohbbfio3JbBt3mNAV8NkCMAbg%3D%3D","environmentVariables":{"FIREBASE_CONFIG":"{\"projectId\":\"pro-telegram\",\"storageBucket\":\"pro-telegram.firebasestorage.app\"}","GCLOUD_PROJECT":"pro-telegram","EVENTARC_CLOUD_EVENT_SOURCE":"projects/pro-telegram/locations/us-central1/functions/api"},"runtime":"nodejs18","buildId":"358b6923-5c25-4c1a-9daa-e4237b9d0907","buildEnvironmentVariables":{"GOOGLE_NODE_RUN_SCRIPTS":""},"buildName":"projects/385928158468/locations/us-central1/builds/358b6923-5c25-4c1a-9daa-e4237b9d0907","dockerRegistry":"ARTIFACT_REGISTRY","automaticUpdatePolicy":{},"buildServiceAccount":"projects/pro-telegram/serviceAccounts/385928158468-compute@developer.gserviceaccount.com"},"versionId":"4","updateTime":"2025-06-08T15:25:30Z","buildId":"87da6f48-dc10-4dc4-b0b9-7c0f3c30af48","buildName":"projects/385928158468/locations/us-central1/builds/87da6f48-dc10-4dc4-b0b9-7c0f3c30af48"}}
[debug] [2025-06-08T15:25:47.373Z] [update-default-us-central1-api] Retrying task index 0
[debug] [2025-06-08T15:25:47.376Z] Checked if tokens are valid: true, expires at: 1749399890525
[debug] [2025-06-08T15:25:47.376Z] Checked if tokens are valid: true, expires at: 1749399890525
[debug] [2025-06-08T15:25:47.377Z] >>> [apiv2][query] GET https://cloudfunctions.googleapis.com/v1/operations/cHJvLXRlbGVncmFtL3VzLWNlbnRyYWwxL2FwaS9HS1pPR2hybFd3UQ [none]
[debug] [2025-06-08T15:25:47.890Z] <<< [apiv2][status] GET https://cloudfunctions.googleapis.com/v1/operations/cHJvLXRlbGVncmFtL3VzLWNlbnRyYWwxL2FwaS9HS1pPR2hybFd3UQ 200
[debug] [2025-06-08T15:25:47.890Z] <<< [apiv2][body] GET https://cloudfunctions.googleapis.com/v1/operations/cHJvLXRlbGVncmFtL3VzLWNlbnRyYWwxL2FwaS9HS1pPR2hybFd3UQ {"name":"operations/cHJvLXRlbGVncmFtL3VzLWNlbnRyYWwxL2FwaS9HS1pPR2hybFd3UQ","metadata":{"@type":"type.googleapis.com/google.cloud.functions.v1.OperationMetadataV1","target":"projects/pro-telegram/locations/us-central1/functions/api","type":"UPDATE_FUNCTION","request":{"@type":"type.googleapis.com/google.cloud.functions.v1.CloudFunction","name":"projects/pro-telegram/locations/us-central1/functions/api","httpsTrigger":{"url":"https://us-central1-pro-telegram.cloudfunctions.net/api","securityLevel":"SECURE_ALWAYS"},"status":"ACTIVE","entryPoint":"api","updateTime":"2025-06-08T09:25:54.466Z","versionId":"3","labels":{"deployment-tool":"cli-firebase","firebase-functions-hash":"63d76a45988a6cb049570f662ff16c02a60d57dd"},"sourceUploadUrl":"https://storage.googleapis.com/uploads-675117020729.us-central1.cloudfunctions.appspot.com/1043f13f-7160-413e-b372-db4e28fd9efa.zip?GoogleAccessId=service-385928158468@gcf-admin-robot.iam.gserviceaccount.com&Expires=1749398122&Signature=HLA62ho8CqtaiN97jxTVfncvcb8TtxqezFtX8hqgaRTT94ZNIX4%2B6wqx4JgTGu%2BA5VPwbpY7xoAMpxXIJVIroNwKhkf5x0XjD%2FwWEmYYqtLgqy2hvvIygDF6MUUlj7TkEf%2BV8VUHmicOH6zVuEpAYcn8vFSBA1i1mGTA0VfxglrBUSA3GxneWPQD17Ou%2FRpmKDcDl1XtIxMd37UwRYrzty2Ha%2Btf8UFMmhMhDMxJKcZarJzkRLtx9EwhRpOuAfoMrJ5B8HelAEs%2FHb8TFPKAFozWEf3BAHD4lE%2Bk0bL4VouSj8%2FU0EO7mlsPz0Mavohbbfio3JbBt3mNAV8NkCMAbg%3D%3D","environmentVariables":{"FIREBASE_CONFIG":"{\"projectId\":\"pro-telegram\",\"storageBucket\":\"pro-telegram.firebasestorage.app\"}","GCLOUD_PROJECT":"pro-telegram","EVENTARC_CLOUD_EVENT_SOURCE":"projects/pro-telegram/locations/us-central1/functions/api"},"runtime":"nodejs18","buildId":"358b6923-5c25-4c1a-9daa-e4237b9d0907","buildEnvironmentVariables":{"GOOGLE_NODE_RUN_SCRIPTS":""},"buildName":"projects/385928158468/locations/us-central1/builds/358b6923-5c25-4c1a-9daa-e4237b9d0907","dockerRegistry":"ARTIFACT_REGISTRY","automaticUpdatePolicy":{},"buildServiceAccount":"projects/pro-telegram/serviceAccounts/385928158468-compute@developer.gserviceaccount.com"},"versionId":"4","updateTime":"2025-06-08T15:25:30Z","buildId":"87da6f48-dc10-4dc4-b0b9-7c0f3c30af48","buildName":"projects/385928158468/locations/us-central1/builds/87da6f48-dc10-4dc4-b0b9-7c0f3c30af48"}}
[debug] [2025-06-08T15:25:57.891Z] [update-default-us-central1-api] Retrying task index 0
[debug] [2025-06-08T15:25:57.893Z] Checked if tokens are valid: true, expires at: 1749399890525
[debug] [2025-06-08T15:25:57.893Z] Checked if tokens are valid: true, expires at: 1749399890525
[debug] [2025-06-08T15:25:57.893Z] >>> [apiv2][query] GET https://cloudfunctions.googleapis.com/v1/operations/cHJvLXRlbGVncmFtL3VzLWNlbnRyYWwxL2FwaS9HS1pPR2hybFd3UQ [none]
[debug] [2025-06-08T15:25:58.432Z] <<< [apiv2][status] GET https://cloudfunctions.googleapis.com/v1/operations/cHJvLXRlbGVncmFtL3VzLWNlbnRyYWwxL2FwaS9HS1pPR2hybFd3UQ 200
[debug] [2025-06-08T15:25:58.433Z] <<< [apiv2][body] GET https://cloudfunctions.googleapis.com/v1/operations/cHJvLXRlbGVncmFtL3VzLWNlbnRyYWwxL2FwaS9HS1pPR2hybFd3UQ {"name":"operations/cHJvLXRlbGVncmFtL3VzLWNlbnRyYWwxL2FwaS9HS1pPR2hybFd3UQ","metadata":{"@type":"type.googleapis.com/google.cloud.functions.v1.OperationMetadataV1","target":"projects/pro-telegram/locations/us-central1/functions/api","type":"UPDATE_FUNCTION","request":{"@type":"type.googleapis.com/google.cloud.functions.v1.CloudFunction","name":"projects/pro-telegram/locations/us-central1/functions/api","httpsTrigger":{"url":"https://us-central1-pro-telegram.cloudfunctions.net/api","securityLevel":"SECURE_ALWAYS"},"status":"ACTIVE","entryPoint":"api","updateTime":"2025-06-08T09:25:54.466Z","versionId":"3","labels":{"deployment-tool":"cli-firebase","firebase-functions-hash":"63d76a45988a6cb049570f662ff16c02a60d57dd"},"sourceUploadUrl":"https://storage.googleapis.com/uploads-675117020729.us-central1.cloudfunctions.appspot.com/1043f13f-7160-413e-b372-db4e28fd9efa.zip?GoogleAccessId=service-385928158468@gcf-admin-robot.iam.gserviceaccount.com&Expires=1749398122&Signature=HLA62ho8CqtaiN97jxTVfncvcb8TtxqezFtX8hqgaRTT94ZNIX4%2B6wqx4JgTGu%2BA5VPwbpY7xoAMpxXIJVIroNwKhkf5x0XjD%2FwWEmYYqtLgqy2hvvIygDF6MUUlj7TkEf%2BV8VUHmicOH6zVuEpAYcn8vFSBA1i1mGTA0VfxglrBUSA3GxneWPQD17Ou%2FRpmKDcDl1XtIxMd37UwRYrzty2Ha%2Btf8UFMmhMhDMxJKcZarJzkRLtx9EwhRpOuAfoMrJ5B8HelAEs%2FHb8TFPKAFozWEf3BAHD4lE%2Bk0bL4VouSj8%2FU0EO7mlsPz0Mavohbbfio3JbBt3mNAV8NkCMAbg%3D%3D","environmentVariables":{"FIREBASE_CONFIG":"{\"projectId\":\"pro-telegram\",\"storageBucket\":\"pro-telegram.firebasestorage.app\"}","GCLOUD_PROJECT":"pro-telegram","EVENTARC_CLOUD_EVENT_SOURCE":"projects/pro-telegram/locations/us-central1/functions/api"},"runtime":"nodejs18","buildId":"358b6923-5c25-4c1a-9daa-e4237b9d0907","buildEnvironmentVariables":{"GOOGLE_NODE_RUN_SCRIPTS":""},"buildName":"projects/385928158468/locations/us-central1/builds/358b6923-5c25-4c1a-9daa-e4237b9d0907","dockerRegistry":"ARTIFACT_REGISTRY","automaticUpdatePolicy":{},"buildServiceAccount":"projects/pro-telegram/serviceAccounts/385928158468-compute@developer.gserviceaccount.com"},"versionId":"4","updateTime":"2025-06-08T15:25:30Z","buildId":"87da6f48-dc10-4dc4-b0b9-7c0f3c30af48","buildName":"projects/385928158468/locations/us-central1/builds/87da6f48-dc10-4dc4-b0b9-7c0f3c30af48"}}
[debug] [2025-06-08T15:26:08.434Z] [update-default-us-central1-api] Retrying task index 0
[debug] [2025-06-08T15:26:08.434Z] Checked if tokens are valid: true, expires at: 1749399890525
[debug] [2025-06-08T15:26:08.434Z] Checked if tokens are valid: true, expires at: 1749399890525
[debug] [2025-06-08T15:26:08.436Z] >>> [apiv2][query] GET https://cloudfunctions.googleapis.com/v1/operations/cHJvLXRlbGVncmFtL3VzLWNlbnRyYWwxL2FwaS9HS1pPR2hybFd3UQ [none]
[debug] [2025-06-08T15:26:09.086Z] <<< [apiv2][status] GET https://cloudfunctions.googleapis.com/v1/operations/cHJvLXRlbGVncmFtL3VzLWNlbnRyYWwxL2FwaS9HS1pPR2hybFd3UQ 200
[debug] [2025-06-08T15:26:09.086Z] <<< [apiv2][body] GET https://cloudfunctions.googleapis.com/v1/operations/cHJvLXRlbGVncmFtL3VzLWNlbnRyYWwxL2FwaS9HS1pPR2hybFd3UQ {"name":"operations/cHJvLXRlbGVncmFtL3VzLWNlbnRyYWwxL2FwaS9HS1pPR2hybFd3UQ","metadata":{"@type":"type.googleapis.com/google.cloud.functions.v1.OperationMetadataV1","target":"projects/pro-telegram/locations/us-central1/functions/api","type":"UPDATE_FUNCTION","request":{"@type":"type.googleapis.com/google.cloud.functions.v1.CloudFunction","name":"projects/pro-telegram/locations/us-central1/functions/api","httpsTrigger":{"url":"https://us-central1-pro-telegram.cloudfunctions.net/api","securityLevel":"SECURE_ALWAYS"},"status":"ACTIVE","entryPoint":"api","updateTime":"2025-06-08T09:25:54.466Z","versionId":"3","labels":{"deployment-tool":"cli-firebase","firebase-functions-hash":"63d76a45988a6cb049570f662ff16c02a60d57dd"},"sourceUploadUrl":"https://storage.googleapis.com/uploads-675117020729.us-central1.cloudfunctions.appspot.com/1043f13f-7160-413e-b372-db4e28fd9efa.zip?GoogleAccessId=service-385928158468@gcf-admin-robot.iam.gserviceaccount.com&Expires=1749398122&Signature=HLA62ho8CqtaiN97jxTVfncvcb8TtxqezFtX8hqgaRTT94ZNIX4%2B6wqx4JgTGu%2BA5VPwbpY7xoAMpxXIJVIroNwKhkf5x0XjD%2FwWEmYYqtLgqy2hvvIygDF6MUUlj7TkEf%2BV8VUHmicOH6zVuEpAYcn8vFSBA1i1mGTA0VfxglrBUSA3GxneWPQD17Ou%2FRpmKDcDl1XtIxMd37UwRYrzty2Ha%2Btf8UFMmhMhDMxJKcZarJzkRLtx9EwhRpOuAfoMrJ5B8HelAEs%2FHb8TFPKAFozWEf3BAHD4lE%2Bk0bL4VouSj8%2FU0EO7mlsPz0Mavohbbfio3JbBt3mNAV8NkCMAbg%3D%3D","environmentVariables":{"FIREBASE_CONFIG":"{\"projectId\":\"pro-telegram\",\"storageBucket\":\"pro-telegram.firebasestorage.app\"}","GCLOUD_PROJECT":"pro-telegram","EVENTARC_CLOUD_EVENT_SOURCE":"projects/pro-telegram/locations/us-central1/functions/api"},"runtime":"nodejs18","buildId":"358b6923-5c25-4c1a-9daa-e4237b9d0907","buildEnvironmentVariables":{"GOOGLE_NODE_RUN_SCRIPTS":""},"buildName":"projects/385928158468/locations/us-central1/builds/358b6923-5c25-4c1a-9daa-e4237b9d0907","dockerRegistry":"ARTIFACT_REGISTRY","automaticUpdatePolicy":{},"buildServiceAccount":"projects/pro-telegram/serviceAccounts/385928158468-compute@developer.gserviceaccount.com"},"versionId":"4","updateTime":"2025-06-08T15:25:30Z","buildId":"87da6f48-dc10-4dc4-b0b9-7c0f3c30af48","buildName":"projects/385928158468/locations/us-central1/builds/87da6f48-dc10-4dc4-b0b9-7c0f3c30af48"}}
[debug] [2025-06-08T15:26:19.088Z] [update-default-us-central1-api] Retrying task index 0
[debug] [2025-06-08T15:26:19.088Z] Checked if tokens are valid: true, expires at: 1749399890525
[debug] [2025-06-08T15:26:19.088Z] Checked if tokens are valid: true, expires at: 1749399890525
[debug] [2025-06-08T15:26:19.089Z] >>> [apiv2][query] GET https://cloudfunctions.googleapis.com/v1/operations/cHJvLXRlbGVncmFtL3VzLWNlbnRyYWwxL2FwaS9HS1pPR2hybFd3UQ [none]
[debug] [2025-06-08T15:26:19.787Z] <<< [apiv2][status] GET https://cloudfunctions.googleapis.com/v1/operations/cHJvLXRlbGVncmFtL3VzLWNlbnRyYWwxL2FwaS9HS1pPR2hybFd3UQ 200
[debug] [2025-06-08T15:26:19.788Z] <<< [apiv2][body] GET https://cloudfunctions.googleapis.com/v1/operations/cHJvLXRlbGVncmFtL3VzLWNlbnRyYWwxL2FwaS9HS1pPR2hybFd3UQ {"name":"operations/cHJvLXRlbGVncmFtL3VzLWNlbnRyYWwxL2FwaS9HS1pPR2hybFd3UQ","metadata":{"@type":"type.googleapis.com/google.cloud.functions.v1.OperationMetadataV1","target":"projects/pro-telegram/locations/us-central1/functions/api","type":"UPDATE_FUNCTION","request":{"@type":"type.googleapis.com/google.cloud.functions.v1.CloudFunction","name":"projects/pro-telegram/locations/us-central1/functions/api","httpsTrigger":{"url":"https://us-central1-pro-telegram.cloudfunctions.net/api","securityLevel":"SECURE_ALWAYS"},"status":"ACTIVE","entryPoint":"api","updateTime":"2025-06-08T09:25:54.466Z","versionId":"3","labels":{"deployment-tool":"cli-firebase","firebase-functions-hash":"63d76a45988a6cb049570f662ff16c02a60d57dd"},"sourceUploadUrl":"https://storage.googleapis.com/uploads-675117020729.us-central1.cloudfunctions.appspot.com/1043f13f-7160-413e-b372-db4e28fd9efa.zip?GoogleAccessId=service-385928158468@gcf-admin-robot.iam.gserviceaccount.com&Expires=1749398122&Signature=HLA62ho8CqtaiN97jxTVfncvcb8TtxqezFtX8hqgaRTT94ZNIX4%2B6wqx4JgTGu%2BA5VPwbpY7xoAMpxXIJVIroNwKhkf5x0XjD%2FwWEmYYqtLgqy2hvvIygDF6MUUlj7TkEf%2BV8VUHmicOH6zVuEpAYcn8vFSBA1i1mGTA0VfxglrBUSA3GxneWPQD17Ou%2FRpmKDcDl1XtIxMd37UwRYrzty2Ha%2Btf8UFMmhMhDMxJKcZarJzkRLtx9EwhRpOuAfoMrJ5B8HelAEs%2FHb8TFPKAFozWEf3BAHD4lE%2Bk0bL4VouSj8%2FU0EO7mlsPz0Mavohbbfio3JbBt3mNAV8NkCMAbg%3D%3D","environmentVariables":{"FIREBASE_CONFIG":"{\"projectId\":\"pro-telegram\",\"storageBucket\":\"pro-telegram.firebasestorage.app\"}","GCLOUD_PROJECT":"pro-telegram","EVENTARC_CLOUD_EVENT_SOURCE":"projects/pro-telegram/locations/us-central1/functions/api"},"runtime":"nodejs18","buildId":"358b6923-5c25-4c1a-9daa-e4237b9d0907","buildEnvironmentVariables":{"GOOGLE_NODE_RUN_SCRIPTS":""},"buildName":"projects/385928158468/locations/us-central1/builds/358b6923-5c25-4c1a-9daa-e4237b9d0907","dockerRegistry":"ARTIFACT_REGISTRY","automaticUpdatePolicy":{},"buildServiceAccount":"projects/pro-telegram/serviceAccounts/385928158468-compute@developer.gserviceaccount.com"},"versionId":"4","updateTime":"2025-06-08T15:25:30Z","buildId":"87da6f48-dc10-4dc4-b0b9-7c0f3c30af48","sourceToken":"3ecdee7f-2d7d-4c1d-9578-ec06ca42e407","buildName":"projects/385928158468/locations/us-central1/builds/87da6f48-dc10-4dc4-b0b9-7c0f3c30af48"}}
[debug] [2025-06-08T15:26:19.788Z] Got source token 3ecdee7f-2d7d-4c1d-9578-ec06ca42e407 for region us-central1
[debug] [2025-06-08T15:26:29.789Z] [update-default-us-central1-api] Retrying task index 0
[debug] [2025-06-08T15:26:29.790Z] Checked if tokens are valid: true, expires at: 1749399890525
[debug] [2025-06-08T15:26:29.790Z] Checked if tokens are valid: true, expires at: 1749399890525
[debug] [2025-06-08T15:26:29.790Z] >>> [apiv2][query] GET https://cloudfunctions.googleapis.com/v1/operations/cHJvLXRlbGVncmFtL3VzLWNlbnRyYWwxL2FwaS9HS1pPR2hybFd3UQ [none]
[debug] [2025-06-08T15:26:30.344Z] <<< [apiv2][status] GET https://cloudfunctions.googleapis.com/v1/operations/cHJvLXRlbGVncmFtL3VzLWNlbnRyYWwxL2FwaS9HS1pPR2hybFd3UQ 200
[debug] [2025-06-08T15:26:30.345Z] <<< [apiv2][body] GET https://cloudfunctions.googleapis.com/v1/operations/cHJvLXRlbGVncmFtL3VzLWNlbnRyYWwxL2FwaS9HS1pPR2hybFd3UQ {"name":"operations/cHJvLXRlbGVncmFtL3VzLWNlbnRyYWwxL2FwaS9HS1pPR2hybFd3UQ","metadata":{"@type":"type.googleapis.com/google.cloud.functions.v1.OperationMetadataV1","target":"projects/pro-telegram/locations/us-central1/functions/api","type":"UPDATE_FUNCTION","request":{"@type":"type.googleapis.com/google.cloud.functions.v1.CloudFunction","name":"projects/pro-telegram/locations/us-central1/functions/api","httpsTrigger":{"url":"https://us-central1-pro-telegram.cloudfunctions.net/api","securityLevel":"SECURE_ALWAYS"},"status":"ACTIVE","entryPoint":"api","updateTime":"2025-06-08T09:25:54.466Z","versionId":"3","labels":{"deployment-tool":"cli-firebase","firebase-functions-hash":"63d76a45988a6cb049570f662ff16c02a60d57dd"},"sourceUploadUrl":"https://storage.googleapis.com/uploads-675117020729.us-central1.cloudfunctions.appspot.com/1043f13f-7160-413e-b372-db4e28fd9efa.zip?GoogleAccessId=service-385928158468@gcf-admin-robot.iam.gserviceaccount.com&Expires=1749398122&Signature=HLA62ho8CqtaiN97jxTVfncvcb8TtxqezFtX8hqgaRTT94ZNIX4%2B6wqx4JgTGu%2BA5VPwbpY7xoAMpxXIJVIroNwKhkf5x0XjD%2FwWEmYYqtLgqy2hvvIygDF6MUUlj7TkEf%2BV8VUHmicOH6zVuEpAYcn8vFSBA1i1mGTA0VfxglrBUSA3GxneWPQD17Ou%2FRpmKDcDl1XtIxMd37UwRYrzty2Ha%2Btf8UFMmhMhDMxJKcZarJzkRLtx9EwhRpOuAfoMrJ5B8HelAEs%2FHb8TFPKAFozWEf3BAHD4lE%2Bk0bL4VouSj8%2FU0EO7mlsPz0Mavohbbfio3JbBt3mNAV8NkCMAbg%3D%3D","environmentVariables":{"FIREBASE_CONFIG":"{\"projectId\":\"pro-telegram\",\"storageBucket\":\"pro-telegram.firebasestorage.app\"}","GCLOUD_PROJECT":"pro-telegram","EVENTARC_CLOUD_EVENT_SOURCE":"projects/pro-telegram/locations/us-central1/functions/api"},"runtime":"nodejs18","buildId":"358b6923-5c25-4c1a-9daa-e4237b9d0907","buildEnvironmentVariables":{"GOOGLE_NODE_RUN_SCRIPTS":""},"buildName":"projects/385928158468/locations/us-central1/builds/358b6923-5c25-4c1a-9daa-e4237b9d0907","dockerRegistry":"ARTIFACT_REGISTRY","automaticUpdatePolicy":{},"buildServiceAccount":"projects/pro-telegram/serviceAccounts/385928158468-compute@developer.gserviceaccount.com"},"versionId":"4","updateTime":"2025-06-08T15:25:30Z","buildId":"87da6f48-dc10-4dc4-b0b9-7c0f3c30af48","sourceToken":"3ecdee7f-2d7d-4c1d-9578-ec06ca42e407","buildName":"projects/385928158468/locations/us-central1/builds/87da6f48-dc10-4dc4-b0b9-7c0f3c30af48"}}
[debug] [2025-06-08T15:26:30.345Z] Got source token 3ecdee7f-2d7d-4c1d-9578-ec06ca42e407 for region us-central1
[debug] [2025-06-08T15:26:40.346Z] [update-default-us-central1-api] Retrying task index 0
[debug] [2025-06-08T15:26:40.347Z] Checked if tokens are valid: true, expires at: 1749399890525
[debug] [2025-06-08T15:26:40.347Z] Checked if tokens are valid: true, expires at: 1749399890525
[debug] [2025-06-08T15:26:40.347Z] >>> [apiv2][query] GET https://cloudfunctions.googleapis.com/v1/operations/cHJvLXRlbGVncmFtL3VzLWNlbnRyYWwxL2FwaS9HS1pPR2hybFd3UQ [none]
[debug] [2025-06-08T15:26:40.876Z] <<< [apiv2][status] GET https://cloudfunctions.googleapis.com/v1/operations/cHJvLXRlbGVncmFtL3VzLWNlbnRyYWwxL2FwaS9HS1pPR2hybFd3UQ 200
[debug] [2025-06-08T15:26:40.876Z] <<< [apiv2][body] GET https://cloudfunctions.googleapis.com/v1/operations/cHJvLXRlbGVncmFtL3VzLWNlbnRyYWwxL2FwaS9HS1pPR2hybFd3UQ {"name":"operations/cHJvLXRlbGVncmFtL3VzLWNlbnRyYWwxL2FwaS9HS1pPR2hybFd3UQ","metadata":{"@type":"type.googleapis.com/google.cloud.functions.v1.OperationMetadataV1","target":"projects/pro-telegram/locations/us-central1/functions/api","type":"UPDATE_FUNCTION","request":{"@type":"type.googleapis.com/google.cloud.functions.v1.CloudFunction","name":"projects/pro-telegram/locations/us-central1/functions/api","httpsTrigger":{"url":"https://us-central1-pro-telegram.cloudfunctions.net/api","securityLevel":"SECURE_ALWAYS"},"status":"ACTIVE","entryPoint":"api","updateTime":"2025-06-08T09:25:54.466Z","versionId":"3","labels":{"deployment-tool":"cli-firebase","firebase-functions-hash":"63d76a45988a6cb049570f662ff16c02a60d57dd"},"sourceUploadUrl":"https://storage.googleapis.com/uploads-675117020729.us-central1.cloudfunctions.appspot.com/1043f13f-7160-413e-b372-db4e28fd9efa.zip?GoogleAccessId=service-385928158468@gcf-admin-robot.iam.gserviceaccount.com&Expires=1749398122&Signature=HLA62ho8CqtaiN97jxTVfncvcb8TtxqezFtX8hqgaRTT94ZNIX4%2B6wqx4JgTGu%2BA5VPwbpY7xoAMpxXIJVIroNwKhkf5x0XjD%2FwWEmYYqtLgqy2hvvIygDF6MUUlj7TkEf%2BV8VUHmicOH6zVuEpAYcn8vFSBA1i1mGTA0VfxglrBUSA3GxneWPQD17Ou%2FRpmKDcDl1XtIxMd37UwRYrzty2Ha%2Btf8UFMmhMhDMxJKcZarJzkRLtx9EwhRpOuAfoMrJ5B8HelAEs%2FHb8TFPKAFozWEf3BAHD4lE%2Bk0bL4VouSj8%2FU0EO7mlsPz0Mavohbbfio3JbBt3mNAV8NkCMAbg%3D%3D","environmentVariables":{"FIREBASE_CONFIG":"{\"projectId\":\"pro-telegram\",\"storageBucket\":\"pro-telegram.firebasestorage.app\"}","GCLOUD_PROJECT":"pro-telegram","EVENTARC_CLOUD_EVENT_SOURCE":"projects/pro-telegram/locations/us-central1/functions/api"},"runtime":"nodejs18","buildId":"358b6923-5c25-4c1a-9daa-e4237b9d0907","buildEnvironmentVariables":{"GOOGLE_NODE_RUN_SCRIPTS":""},"buildName":"projects/385928158468/locations/us-central1/builds/358b6923-5c25-4c1a-9daa-e4237b9d0907","dockerRegistry":"ARTIFACT_REGISTRY","automaticUpdatePolicy":{},"buildServiceAccount":"projects/pro-telegram/serviceAccounts/385928158468-compute@developer.gserviceaccount.com"},"versionId":"4","updateTime":"2025-06-08T15:25:30Z","buildId":"87da6f48-dc10-4dc4-b0b9-7c0f3c30af48","sourceToken":"3ecdee7f-2d7d-4c1d-9578-ec06ca42e407","buildName":"projects/385928158468/locations/us-central1/builds/87da6f48-dc10-4dc4-b0b9-7c0f3c30af48"}}
[debug] [2025-06-08T15:26:40.876Z] Got source token 3ecdee7f-2d7d-4c1d-9578-ec06ca42e407 for region us-central1
